{"level":"info","message":"✅ Socket service initialized","timestamp":"2026-04-28T01:25:10.957Z"}
{"level":"info","message":"✅ Security middleware applied with enhanced protection","timestamp":"2026-04-28T01:25:11.000Z"}
{"level":"info","message":"🚀 Server running in development mode on port 5001","timestamp":"2026-04-28T01:25:11.019Z"}
{"level":"info","message":"✅ MongoDB Connected: 127.0.0.1","timestamp":"2026-04-28T01:25:11.092Z"}
{"level":"info","message":"📁 Database Name: mohan","timestamp":"2026-04-28T01:25:11.093Z"}
{"level":"info","message":"🔗 Connection URI: mongodb://127.0.0.1:27017/mohan","timestamp":"2026-04-28T01:25:11.094Z"}
{"level":"info","message":"✅ Token cleanup job started...","timestamp":"2026-04-28T01:25:11.095Z"}
{"level":"info","message":"🧹 Cleanup complete: 2 tokens removed, 0 locks reset, 0 unverified users cleaned","timestamp":"2026-04-28T01:25:11.290Z"}
{"level":"error","message":"\n❌ GMAIL AUTHENTICATION FAILED:","timestamp":"2026-04-28T01:25:12.443Z"}
{"level":"error","message":"   Your App Password was rejected by Google.","timestamp":"2026-04-28T01:25:12.444Z"}
{"level":"error","message":"   Please generate a NEW App Password: https://myaccount.google.com/apppasswords","timestamp":"2026-04-28T01:25:12.445Z"}
{"level":"error","message":"   Ensure 2-Step Verification is ENABLED first.\n","timestamp":"2026-04-28T01:25:12.446Z"}
{"level":"info","message":"GET /api/gallery/categories?lang=np - 200 - 58ms","timestamp":"2026-04-28T01:25:42.258Z"}
{"level":"info","message":"GET /api/gallery?lang=np - 200 - 67ms","timestamp":"2026-04-28T01:25:42.272Z"}
{"level":"info","message":"GET /api/gallery/categories?lang=np - 200 - 10ms","timestamp":"2026-04-28T01:25:42.277Z"}
{"level":"info","message":"GET /api/hero?lang=ne - 200 - 90ms","timestamp":"2026-04-28T01:25:42.279Z"}
{"level":"info","message":"GET /api/hero?lang=ne - 200 - 73ms","timestamp":"2026-04-28T01:25:42.282Z"}
{"level":"info","message":"GET /api/gallery?lang=np - 200 - 11ms","timestamp":"2026-04-28T01:25:42.299Z"}
{"level":"info","message":"GET /uploads/gallery/gallery-1773394335040-438647233.jpg - 200 - 10ms","timestamp":"2026-04-28T01:25:43.013Z"}
{"level":"info","message":"GET /uploads/gallery/gallery-1773394427574-941263277.jpg - 200 - 23ms","timestamp":"2026-04-28T01:25:43.027Z"}
{"level":"info","message":"GET /uploads/gallery/gallery-1773394549713-790365835.jpg - 200 - 41ms","timestamp":"2026-04-28T01:25:43.042Z"}
{"level":"debug","message":"Login attempt for email: lifelalitpur@gmail.com","timestamp":"2026-04-28T01:26:02.635Z"}
{"level":"info","message":"--- LOGIN DEBUG [lifelalitpur@gmail.com] ---","timestamp":"2026-04-28T01:26:02.643Z"}
{"level":"info","message":"User Object Found: 69d4864b1bc2407f268122b4","timestamp":"2026-04-28T01:26:02.645Z"}
{"level":"info","message":"isActive value: true (type: boolean)","timestamp":"2026-04-28T01:26:02.645Z"}
{"level":"info","message":"isVerified value: true (type: boolean)","timestamp":"2026-04-28T01:26:02.646Z"}
{"level":"info","message":"Role: admin","timestamp":"2026-04-28T01:26:02.647Z"}
{"level":"info","message":"Locked until: undefined","timestamp":"2026-04-28T01:26:02.647Z"}
{"level":"info","message":"Login attempts: 0","timestamp":"2026-04-28T01:26:02.648Z"}
{"level":"info","message":"------------------------------","timestamp":"2026-04-28T01:26:02.649Z"}
{"level":"warn","message":"Invalid password for user: lifelalitpur@gmail.com","timestamp":"2026-04-28T01:26:03.063Z"}
{"level":"warn","message":"POST /api/auth/login - 401 - 494ms","timestamp":"2026-04-28T01:26:03.086Z"}
{"level":"debug","message":"Login attempt for email: mohanshahi.p@gmail.com","timestamp":"2026-04-28T01:31:46.935Z"}
{"level":"info","message":"--- LOGIN DEBUG [mohanshahi.p@gmail.com] ---","timestamp":"2026-04-28T01:31:46.942Z"}
{"level":"info","message":"User Object Found: 69ef129e40a5e61eb5c1157e","timestamp":"2026-04-28T01:31:46.943Z"}
{"level":"info","message":"isActive value: true (type: boolean)","timestamp":"2026-04-28T01:31:46.945Z"}
{"level":"info","message":"isVerified value: true (type: boolean)","timestamp":"2026-04-28T01:31:46.946Z"}
{"level":"info","message":"Role: superadmin","timestamp":"2026-04-28T01:31:46.949Z"}
{"level":"info","message":"Locked until: undefined","timestamp":"2026-04-28T01:31:46.955Z"}
{"level":"info","message":"Login attempts: 0","timestamp":"2026-04-28T01:31:46.958Z"}
{"level":"info","message":"------------------------------","timestamp":"2026-04-28T01:31:46.959Z"}
{"level":"warn","message":"Invalid password for user: mohanshahi.p@gmail.com","timestamp":"2026-04-28T01:31:47.361Z"}
{"level":"warn","message":"POST /api/auth/login - 401 - 436ms","timestamp":"2026-04-28T01:31:47.367Z"}
{"level":"debug","message":"Login attempt for email: mohanshahi.p@gmail.com","timestamp":"2026-04-28T01:32:01.588Z"}
{"level":"info","message":"--- LOGIN DEBUG [mohanshahi.p@gmail.com] ---","timestamp":"2026-04-28T01:32:01.592Z"}
{"level":"info","message":"User Object Found: 69ef129e40a5e61eb5c1157e","timestamp":"2026-04-28T01:32:01.593Z"}
{"level":"info","message":"isActive value: true (type: boolean)","timestamp":"2026-04-28T01:32:01.594Z"}
{"level":"info","message":"isVerified value: true (type: boolean)","timestamp":"2026-04-28T01:32:01.596Z"}
{"level":"info","message":"Role: superadmin","timestamp":"2026-04-28T01:32:01.596Z"}
{"level":"info","message":"Locked until: undefined","timestamp":"2026-04-28T01:32:01.597Z"}
{"level":"info","message":"Login attempts: 1","timestamp":"2026-04-28T01:32:01.598Z"}
{"level":"info","message":"------------------------------","timestamp":"2026-04-28T01:32:01.599Z"}
{"level":"info","message":"POST /api/auth/login - 200 - 443ms","timestamp":"2026-04-28T01:32:02.029Z"}
{"level":"debug","message":"Auth protect check - Cookies: {\"accessToken\":\"eyJhbGciOiJIUzI1NiIsInR5cCI6IkpXVCJ9.eyJpZCI6IjY5ZWYxMjllNDBhNWU2MWViNWMxMTU3ZSIsInJvbGUiOiJzdXBlcmFkbWluIiwidHlwZSI6ImFjY2VzcyIsImlhdCI6MTc3NzMzOTkyMiwiZXhwIjoxNzc3MzQwODIyfQ.UBC1JkTvNnr3f4KEGYz51dfpFnK1aXYbJgINAI9rc3Y\",\"refreshToken\":\"eyJhbGciOiJIUzI1NiIsInR5cCI6IkpXVCJ9.eyJpZCI6IjY5ZWYxMjllNDBhNWU2MWViNWMxMTU3ZSIsInR5cGUiOiJyZWZyZXNoIiwiaWF0IjoxNzc3MzM5OTIyLCJleHAiOjE3Nzc5NDQ3MjJ9.fFBmkAlj34QdptzZceg4Hi3C-oGi2RVP9smo39FJK5Q\",\"authenticated\":\"true\",\"csrfSecret\":\"6dPBxIhX6ERRWcmAuA4zumni\",\"csrfToken\":\"lQLrw5oO-jvZUqRLV_4hjbtCAg1FbkvzNx_Y\"}, Headers Auth: false","timestamp":"2026-04-28T01:32:02.592Z"}
{"level":"info","message":"GET /api/admin/all-admins?page=1&limit=10&search=&sortBy=newest - 200 - 41ms","timestamp":"2026-04-28T01:32:02.633Z"}
{"level":"debug","message":"Auth protect check - Cookies: {\"accessToken\":\"eyJhbGciOiJIUzI1NiIsInR5cCI6IkpXVCJ9.eyJpZCI6IjY5ZWYxMjllNDBhNWU2MWViNWMxMTU3ZSIsInJvbGUiOiJzdXBlcmFkbWluIiwidHlwZSI6ImFjY2VzcyIsImlhdCI6MTc3NzMzOTkyMiwiZXhwIjoxNzc3MzQwODIyfQ.UBC1JkTvNnr3f4KEGYz51dfpFnK1aXYbJgINAI9rc3Y\",\"refreshToken\":\"eyJhbGciOiJIUzI1NiIsInR5cCI6IkpXVCJ9.eyJpZCI6IjY5ZWYxMjllNDBhNWU2MWViNWMxMTU3ZSIsInR5cGUiOiJyZWZyZXNoIiwiaWF0IjoxNzc3MzM5OTIyLCJleHAiOjE3Nzc5NDQ3MjJ9.fFBmkAlj34QdptzZceg4Hi3C-oGi2RVP9smo39FJK5Q\",\"authenticated\":\"true\",\"csrfSecret\":\"6dPBxIhX6ERRWcmAuA4zumni\",\"csrfToken\":\"lQLrw5oO-jvZUqRLV_4hjbtCAg1FbkvzNx_Y\"}, Headers Auth: false","timestamp":"2026-04-28T01:32:02.640Z"}
{"level":"info","message":"GET /api/admin/all-admins?page=1&limit=10&search=&sortBy=newest - 200 - 24ms","timestamp":"2026-04-28T01:32:02.663Z"}
{"level":"debug","message":"Auth protect check - Cookies: {\"accessToken\":\"eyJhbGciOiJIUzI1NiIsInR5cCI6IkpXVCJ9.eyJpZCI6IjY5ZWYxMjllNDBhNWU2MWViNWMxMTU3ZSIsInJvbGUiOiJzdXBlcmFkbWluIiwidHlwZSI6ImFjY2VzcyIsImlhdCI6MTc3NzMzOTkyMiwiZXhwIjoxNzc3MzQwODIyfQ.UBC1JkTvNnr3f4KEGYz51dfpFnK1aXYbJgINAI9rc3Y\",\"refreshToken\":\"eyJhbGciOiJIUzI1NiIsInR5cCI6IkpXVCJ9.eyJpZCI6IjY5ZWYxMjllNDBhNWU2MWViNWMxMTU3ZSIsInR5cGUiOiJyZWZyZXNoIiwiaWF0IjoxNzc3MzM5OTIyLCJleHAiOjE3Nzc5NDQ3MjJ9.fFBmkAlj34QdptzZceg4Hi3C-oGi2RVP9smo39FJK5Q\",\"authenticated\":\"true\",\"csrfSecret\":\"6dPBxIhX6ERRWcmAuA4zumni\",\"csrfToken\":\"lQLrw5oO-jvZUqRLV_4hjbtCAg1FbkvzNx_Y\"}, Headers Auth: false","timestamp":"2026-04-28T01:32:07.378Z"}
{"level":"debug","message":"Auth protect check - Cookies: {\"accessToken\":\"eyJhbGciOiJIUzI1NiIsInR5cCI6IkpXVCJ9.eyJpZCI6IjY5ZWYxMjllNDBhNWU2MWViNWMxMTU3ZSIsInJvbGUiOiJzdXBlcmFkbWluIiwidHlwZSI6ImFjY2VzcyIsImlhdCI6MTc3NzMzOTkyMiwiZXhwIjoxNzc3MzQwODIyfQ.UBC1JkTvNnr3f4KEGYz51dfpFnK1aXYbJgINAI9rc3Y\",\"refreshToken\":\"eyJhbGciOiJIUzI1NiIsInR5cCI6IkpXVCJ9.eyJpZCI6IjY5ZWYxMjllNDBhNWU2MWViNWMxMTU3ZSIsInR5cGUiOiJyZWZyZXNoIiwiaWF0IjoxNzc3MzM5OTIyLCJleHAiOjE3Nzc5NDQ3MjJ9.fFBmkAlj34QdptzZceg4Hi3C-oGi2RVP9smo39FJK5Q\",\"authenticated\":\"true\",\"csrfSecret\":\"6dPBxIhX6ERRWcmAuA4zumni\",\"csrfToken\":\"lQLrw5oO-jvZUqRLV_4hjbtCAg1FbkvzNx_Y\"}, Headers Auth: false","timestamp":"2026-04-28T01:32:07.678Z"}
{"level":"debug","message":"Auth protect check - Cookies: {\"accessToken\":\"eyJhbGciOiJIUzI1NiIsInR5cCI6IkpXVCJ9.eyJpZCI6IjY5ZWYxMjllNDBhNWU2MWViNWMxMTU3ZSIsInJvbGUiOiJzdXBlcmFkbWluIiwidHlwZSI6ImFjY2VzcyIsImlhdCI6MTc3NzMzOTkyMiwiZXhwIjoxNzc3MzQwODIyfQ.UBC1JkTvNnr3f4KEGYz51dfpFnK1aXYbJgINAI9rc3Y\",\"refreshToken\":\"eyJhbGciOiJIUzI1NiIsInR5cCI6IkpXVCJ9.eyJpZCI6IjY5ZWYxMjllNDBhNWU2MWViNWMxMTU3ZSIsInR5cGUiOiJyZWZyZXNoIiwiaWF0IjoxNzc3MzM5OTIyLCJleHAiOjE3Nzc5NDQ3MjJ9.fFBmkAlj34QdptzZceg4Hi3C-oGi2RVP9smo39FJK5Q\",\"authenticated\":\"true\",\"csrfSecret\":\"6dPBxIhX6ERRWcmAuA4zumni\",\"csrfToken\":\"lQLrw5oO-jvZUqRLV_4hjbtCAg1FbkvzNx_Y\"}, Headers Auth: false","timestamp":"2026-04-28T01:32:07.828Z"}
{"level":"info","message":"GET /api/admin/settings - 200 - 572ms","timestamp":"2026-04-28T01:32:07.949Z"}
{"level":"debug","message":"Auth protect check - Cookies: {\"accessToken\":\"eyJhbGciOiJIUzI1NiIsInR5cCI6IkpXVCJ9.eyJpZCI6IjY5ZWYxMjllNDBhNWU2MWViNWMxMTU3ZSIsInJvbGUiOiJzdXBlcmFkbWluIiwidHlwZSI6ImFjY2VzcyIsImlhdCI6MTc3NzMzOTkyMiwiZXhwIjoxNzc3MzQwODIyfQ.UBC1JkTvNnr3f4KEGYz51dfpFnK1aXYbJgINAI9rc3Y\",\"refreshToken\":\"eyJhbGciOiJIUzI1NiIsInR5cCI6IkpXVCJ9.eyJpZCI6IjY5ZWYxMjllNDBhNWU2MWViNWMxMTU3ZSIsInR5cGUiOiJyZWZyZXNoIiwiaWF0IjoxNzc3MzM5OTIyLCJleHAiOjE3Nzc5NDQ3MjJ9.fFBmkAlj34QdptzZceg4Hi3C-oGi2RVP9smo39FJK5Q\",\"authenticated\":\"true\",\"csrfSecret\":\"6dPBxIhX6ERRWcmAuA4zumni\",\"csrfToken\":\"lQLrw5oO-jvZUqRLV_4hjbtCAg1FbkvzNx_Y\"}, Headers Auth: false","timestamp":"2026-04-28T01:32:08.008Z"}
{"level":"info","message":"GET /api/admin/settings - 200 - 602ms","timestamp":"2026-04-28T01:32:08.280Z"}
{"level":"info","message":"GET /api/admin/settings - 200 - 432ms","timestamp":"2026-04-28T01:32:08.439Z"}
{"level":"info","message":"GET /api/admin/settings - 200 - 619ms","timestamp":"2026-04-28T01:32:08.447Z"}
{"level":"debug","message":"Auth protect check - Cookies: {\"accessToken\":\"eyJhbGciOiJIUzI1NiIsInR5cCI6IkpXVCJ9.eyJpZCI6IjY5ZWYxMjllNDBhNWU2MWViNWMxMTU3ZSIsInJvbGUiOiJzdXBlcmFkbWluIiwidHlwZSI6ImFjY2VzcyIsImlhdCI6MTc3NzMzOTkyMiwiZXhwIjoxNzc3MzQwODIyfQ.UBC1JkTvNnr3f4KEGYz51dfpFnK1aXYbJgINAI9rc3Y\",\"refreshToken\":\"eyJhbGciOiJIUzI1NiIsInR5cCI6IkpXVCJ9.eyJpZCI6IjY5ZWYxMjllNDBhNWU2MWViNWMxMTU3ZSIsInR5cGUiOiJyZWZyZXNoIiwiaWF0IjoxNzc3MzM5OTIyLCJleHAiOjE3Nzc5NDQ3MjJ9.fFBmkAlj34QdptzZceg4Hi3C-oGi2RVP9smo39FJK5Q\",\"authenticated\":\"true\",\"csrfSecret\":\"6dPBxIhX6ERRWcmAuA4zumni\",\"csrfToken\":\"lQLrw5oO-jvZUqRLV_4hjbtCAg1FbkvzNx_Y\"}, Headers Auth: false","timestamp":"2026-04-28T01:32:11.380Z"}
{"level":"info","message":"GET /api/admin/all-admins?page=1&limit=10&search=&sortBy=newest - 200 - 36ms","timestamp":"2026-04-28T01:32:11.417Z"}
{"level":"debug","message":"Auth protect check - Cookies: {\"accessToken\":\"eyJhbGciOiJIUzI1NiIsInR5cCI6IkpXVCJ9.eyJpZCI6IjY5ZWYxMjllNDBhNWU2MWViNWMxMTU3ZSIsInJvbGUiOiJzdXBlcmFkbWluIiwidHlwZSI6ImFjY2VzcyIsImlhdCI6MTc3NzMzOTkyMiwiZXhwIjoxNzc3MzQwODIyfQ.UBC1JkTvNnr3f4KEGYz51dfpFnK1aXYbJgINAI9rc3Y\",\"refreshToken\":\"eyJhbGciOiJIUzI1NiIsInR5cCI6IkpXVCJ9.eyJpZCI6IjY5ZWYxMjllNDBhNWU2MWViNWMxMTU3ZSIsInR5cGUiOiJyZWZyZXNoIiwiaWF0IjoxNzc3MzM5OTIyLCJleHAiOjE3Nzc5NDQ3MjJ9.fFBmkAlj34QdptzZceg4Hi3C-oGi2RVP9smo39FJK5Q\",\"authenticated\":\"true\",\"csrfSecret\":\"6dPBxIhX6ERRWcmAuA4zumni\",\"csrfToken\":\"lQLrw5oO-jvZUqRLV_4hjbtCAg1FbkvzNx_Y\"}, Headers Auth: false","timestamp":"2026-04-28T01:32:11.436Z"}
{"level":"info","message":"GET /api/admin/all-admins?page=1&limit=10&search=&sortBy=newest - 200 - 103ms","timestamp":"2026-04-28T01:32:11.538Z"}
{"level":"debug","message":"Auth protect check - Cookies: {\"accessToken\":\"eyJhbGciOiJIUzI1NiIsInR5cCI6IkpXVCJ9.eyJpZCI6IjY5ZWYxMjllNDBhNWU2MWViNWMxMTU3ZSIsInJvbGUiOiJzdXBlcmFkbWluIiwidHlwZSI6ImFjY2VzcyIsImlhdCI6MTc3NzMzOTkyMiwiZXhwIjoxNzc3MzQwODIyfQ.UBC1JkTvNnr3f4KEGYz51dfpFnK1aXYbJgINAI9rc3Y\",\"refreshToken\":\"eyJhbGciOiJIUzI1NiIsInR5cCI6IkpXVCJ9.eyJpZCI6IjY5ZWYxMjllNDBhNWU2MWViNWMxMTU3ZSIsInR5cGUiOiJyZWZyZXNoIiwiaWF0IjoxNzc3MzM5OTIyLCJleHAiOjE3Nzc5NDQ3MjJ9.fFBmkAlj34QdptzZceg4Hi3C-oGi2RVP9smo39FJK5Q\",\"authenticated\":\"true\",\"csrfSecret\":\"6dPBxIhX6ERRWcmAuA4zumni\",\"csrfToken\":\"lQLrw5oO-jvZUqRLV_4hjbtCAg1FbkvzNx_Y\"}, Headers Auth: false","timestamp":"2026-04-28T01:32:11.557Z"}
{"level":"info","message":"GET /api/admin/all-admins?page=1&limit=10&search=&sortBy=newest - 200 - 85ms","timestamp":"2026-04-28T01:32:11.641Z"}
{"level":"debug","message":"Auth protect check - Cookies: {\"accessToken\":\"eyJhbGciOiJIUzI1NiIsInR5cCI6IkpXVCJ9.eyJpZCI6IjY5ZWYxMjllNDBhNWU2MWViNWMxMTU3ZSIsInJvbGUiOiJzdXBlcmFkbWluIiwidHlwZSI6ImFjY2VzcyIsImlhdCI6MTc3NzMzOTkyMiwiZXhwIjoxNzc3MzQwODIyfQ.UBC1JkTvNnr3f4KEGYz51dfpFnK1aXYbJgINAI9rc3Y\",\"refreshToken\":\"eyJhbGciOiJIUzI1NiIsInR5cCI6IkpXVCJ9.eyJpZCI6IjY5ZWYxMjllNDBhNWU2MWViNWMxMTU3ZSIsInR5cGUiOiJyZWZyZXNoIiwiaWF0IjoxNzc3MzM5OTIyLCJleHAiOjE3Nzc5NDQ3MjJ9.fFBmkAlj34QdptzZceg4Hi3C-oGi2RVP9smo39FJK5Q\",\"authenticated\":\"true\",\"csrfSecret\":\"6dPBxIhX6ERRWcmAuA4zumni\",\"csrfToken\":\"lQLrw5oO-jvZUqRLV_4hjbtCAg1FbkvzNx_Y\"}, Headers Auth: false","timestamp":"2026-04-28T01:32:11.676Z"}
{"level":"info","message":"GET /api/admin/all-admins?page=1&limit=10&search=&sortBy=newest - 200 - 84ms","timestamp":"2026-04-28T01:32:11.758Z"}
{"level":"debug","message":"Auth protect check - Cookies: {\"accessToken\":\"eyJhbGciOiJIUzI1NiIsInR5cCI6IkpXVCJ9.eyJpZCI6IjY5ZWYxMjllNDBhNWU2MWViNWMxMTU3ZSIsInJvbGUiOiJzdXBlcmFkbWluIiwidHlwZSI6ImFjY2VzcyIsImlhdCI6MTc3NzMzOTkyMiwiZXhwIjoxNzc3MzQwODIyfQ.UBC1JkTvNnr3f4KEGYz51dfpFnK1aXYbJgINAI9rc3Y\",\"refreshToken\":\"eyJhbGciOiJIUzI1NiIsInR5cCI6IkpXVCJ9.eyJpZCI6IjY5ZWYxMjllNDBhNWU2MWViNWMxMTU3ZSIsInR5cGUiOiJyZWZyZXNoIiwiaWF0IjoxNzc3MzM5OTIyLCJleHAiOjE3Nzc5NDQ3MjJ9.fFBmkAlj34QdptzZceg4Hi3C-oGi2RVP9smo39FJK5Q\",\"authenticated\":\"true\",\"csrfSecret\":\"6dPBxIhX6ERRWcmAuA4zumni\",\"csrfToken\":\"lQLrw5oO-jvZUqRLV_4hjbtCAg1FbkvzNx_Y\"}, Headers Auth: false","timestamp":"2026-04-28T01:32:13.040Z"}
{"level":"info","message":"GET /api/contact/info - 200 - 32ms","timestamp":"2026-04-28T01:32:13.069Z"}
{"level":"info","message":"GET /api/contact/messages - 200 - 63ms","timestamp":"2026-04-28T01:32:13.103Z"}
{"level":"info","message":"GET /api/contact/info - 200 - 18ms","timestamp":"2026-04-28T01:32:13.117Z"}
{"level":"debug","message":"Auth protect check - Cookies: {\"accessToken\":\"eyJhbGciOiJIUzI1NiIsInR5cCI6IkpXVCJ9.eyJpZCI6IjY5ZWYxMjllNDBhNWU2MWViNWMxMTU3ZSIsInJvbGUiOiJzdXBlcmFkbWluIiwidHlwZSI6ImFjY2VzcyIsImlhdCI6MTc3NzMzOTkyMiwiZXhwIjoxNzc3MzQwODIyfQ.UBC1JkTvNnr3f4KEGYz51dfpFnK1aXYbJgINAI9rc3Y\",\"refreshToken\":\"eyJhbGciOiJIUzI1NiIsInR5cCI6IkpXVCJ9.eyJpZCI6IjY5ZWYxMjllNDBhNWU2MWViNWMxMTU3ZSIsInR5cGUiOiJyZWZyZXNoIiwiaWF0IjoxNzc3MzM5OTIyLCJleHAiOjE3Nzc5NDQ3MjJ9.fFBmkAlj34QdptzZceg4Hi3C-oGi2RVP9smo39FJK5Q\",\"authenticated\":\"true\",\"csrfSecret\":\"6dPBxIhX6ERRWcmAuA4zumni\",\"csrfToken\":\"lQLrw5oO-jvZUqRLV_4hjbtCAg1FbkvzNx_Y\"}, Headers Auth: false","timestamp":"2026-04-28T01:32:13.156Z"}
{"level":"info","message":"GET /api/contact/info - 200 - 4ms","timestamp":"2026-04-28T01:32:13.196Z"}
{"level":"info","message":"GET /api/contact/messages - 200 - 65ms","timestamp":"2026-04-28T01:32:13.220Z"}
{"level":"debug","message":"Auth protect check - Cookies: {\"accessToken\":\"eyJhbGciOiJIUzI1NiIsInR5cCI6IkpXVCJ9.eyJpZCI6IjY5ZWYxMjllNDBhNWU2MWViNWMxMTU3ZSIsInJvbGUiOiJzdXBlcmFkbWluIiwidHlwZSI6ImFjY2VzcyIsImlhdCI6MTc3NzMzOTkyMiwiZXhwIjoxNzc3MzQwODIyfQ.UBC1JkTvNnr3f4KEGYz51dfpFnK1aXYbJgINAI9rc3Y\",\"refreshToken\":\"eyJhbGciOiJIUzI1NiIsInR5cCI6IkpXVCJ9.eyJpZCI6IjY5ZWYxMjllNDBhNWU2MWViNWMxMTU3ZSIsInR5cGUiOiJyZWZyZXNoIiwiaWF0IjoxNzc3MzM5OTIyLCJleHAiOjE3Nzc5NDQ3MjJ9.fFBmkAlj34QdptzZceg4Hi3C-oGi2RVP9smo39FJK5Q\",\"authenticated\":\"true\",\"csrfSecret\":\"6dPBxIhX6ERRWcmAuA4zumni\",\"csrfToken\":\"lQLrw5oO-jvZUqRLV_4hjbtCAg1FbkvzNx_Y\"}, Headers Auth: false","timestamp":"2026-04-28T01:32:13.291Z"}
{"level":"info","message":"GET /api/contact/info - 200 - 150ms","timestamp":"2026-04-28T01:32:13.434Z"}
{"level":"info","message":"GET /api/contact/messages - 200 - 230ms","timestamp":"2026-04-28T01:32:13.520Z"}
{"level":"info","message":"GET /uploads/contact/profileImage-1768544119186-466964741.jpeg - 200 - 29ms","timestamp":"2026-04-28T01:32:13.533Z"}
{"level":"debug","message":"Auth protect check - Cookies: {\"accessToken\":\"eyJhbGciOiJIUzI1NiIsInR5cCI6IkpXVCJ9.eyJpZCI6IjY5ZWYxMjllNDBhNWU2MWViNWMxMTU3ZSIsInJvbGUiOiJzdXBlcmFkbWluIiwidHlwZSI6ImFjY2VzcyIsImlhdCI6MTc3NzMzOTkyMiwiZXhwIjoxNzc3MzQwODIyfQ.UBC1JkTvNnr3f4KEGYz51dfpFnK1aXYbJgINAI9rc3Y\",\"refreshToken\":\"eyJhbGciOiJIUzI1NiIsInR5cCI6IkpXVCJ9.eyJpZCI6IjY5ZWYxMjllNDBhNWU2MWViNWMxMTU3ZSIsInR5cGUiOiJyZWZyZXNoIiwiaWF0IjoxNzc3MzM5OTIyLCJleHAiOjE3Nzc5NDQ3MjJ9.fFBmkAlj34QdptzZceg4Hi3C-oGi2RVP9smo39FJK5Q\",\"authenticated\":\"true\",\"csrfSecret\":\"6dPBxIhX6ERRWcmAuA4zumni\",\"csrfToken\":\"lQLrw5oO-jvZUqRLV_4hjbtCAg1FbkvzNx_Y\"}, Headers Auth: false","timestamp":"2026-04-28T01:32:13.540Z"}
{"level":"info","message":"GET /api/contact/messages - 200 - 87ms","timestamp":"2026-04-28T01:32:13.626Z"}
{"level":"info","message":"GET /api/auth/me - 200 - 29ms","timestamp":"2026-04-28T01:41:33.331Z"}
{"level":"info","message":"GET /api/auth/me - 200 - 18ms","timestamp":"2026-04-28T01:41:33.379Z"}
{"level":"info","message":"GET /api/contact/info - 200 - 6ms","timestamp":"2026-04-28T01:41:33.823Z"}
{"level":"debug","message":"Auth protect check - Cookies: {\"accessToken\":\"eyJhbGciOiJIUzI1NiIsInR5cCI6IkpXVCJ9.eyJpZCI6IjY5ZWYxMjllNDBhNWU2MWViNWMxMTU3ZSIsInJvbGUiOiJzdXBlcmFkbWluIiwidHlwZSI6ImFjY2VzcyIsImlhdCI6MTc3NzMzOTkyMiwiZXhwIjoxNzc3MzQwODIyfQ.UBC1JkTvNnr3f4KEGYz51dfpFnK1aXYbJgINAI9rc3Y\",\"refreshToken\":\"eyJhbGciOiJIUzI1NiIsInR5cCI6IkpXVCJ9.eyJpZCI6IjY5ZWYxMjllNDBhNWU2MWViNWMxMTU3ZSIsInR5cGUiOiJyZWZyZXNoIiwiaWF0IjoxNzc3MzM5OTIyLCJleHAiOjE3Nzc5NDQ3MjJ9.fFBmkAlj34QdptzZceg4Hi3C-oGi2RVP9smo39FJK5Q\",\"authenticated\":\"true\",\"csrfSecret\":\"6dPBxIhX6ERRWcmAuA4zumni\",\"csrfToken\":\"lQLrw5oO-jvZUqRLV_4hjbtCAg1FbkvzNx_Y\"}, Headers Auth: false","timestamp":"2026-04-28T01:41:33.843Z"}
{"level":"info","message":"GET /api/contact/info - 200 - 8ms","timestamp":"2026-04-28T01:41:33.872Z"}
{"level":"info","message":"GET /uploads/contact/profileImage-1768544119186-466964741.jpeg - 200 - 12ms","timestamp":"2026-04-28T01:41:34.205Z"}
{"level":"info","message":"GET /api/contact/messages - 200 - 413ms","timestamp":"2026-04-28T01:41:34.256Z"}
{"level":"debug","message":"Auth protect check - Cookies: {\"accessToken\":\"eyJhbGciOiJIUzI1NiIsInR5cCI6IkpXVCJ9.eyJpZCI6IjY5ZWYxMjllNDBhNWU2MWViNWMxMTU3ZSIsInJvbGUiOiJzdXBlcmFkbWluIiwidHlwZSI6ImFjY2VzcyIsImlhdCI6MTc3NzMzOTkyMiwiZXhwIjoxNzc3MzQwODIyfQ.UBC1JkTvNnr3f4KEGYz51dfpFnK1aXYbJgINAI9rc3Y\",\"refreshToken\":\"eyJhbGciOiJIUzI1NiIsInR5cCI6IkpXVCJ9.eyJpZCI6IjY5ZWYxMjllNDBhNWU2MWViNWMxMTU3ZSIsInR5cGUiOiJyZWZyZXNoIiwiaWF0IjoxNzc3MzM5OTIyLCJleHAiOjE3Nzc5NDQ3MjJ9.fFBmkAlj34QdptzZceg4Hi3C-oGi2RVP9smo39FJK5Q\",\"authenticated\":\"true\",\"csrfSecret\":\"6dPBxIhX6ERRWcmAuA4zumni\",\"csrfToken\":\"lQLrw5oO-jvZUqRLV_4hjbtCAg1FbkvzNx_Y\"}, Headers Auth: false","timestamp":"2026-04-28T01:41:34.285Z"}
{"level":"info","message":"GET /api/contact/messages - 200 - 258ms","timestamp":"2026-04-28T01:41:34.543Z"}
{"level":"debug","message":"Auth protect check - Cookies: {\"accessToken\":\"eyJhbGciOiJIUzI1NiIsInR5cCI6IkpXVCJ9.eyJpZCI6IjY5ZWYxMjllNDBhNWU2MWViNWMxMTU3ZSIsInJvbGUiOiJzdXBlcmFkbWluIiwidHlwZSI6ImFjY2VzcyIsImlhdCI6MTc3NzMzOTkyMiwiZXhwIjoxNzc3MzQwODIyfQ.UBC1JkTvNnr3f4KEGYz51dfpFnK1aXYbJgINAI9rc3Y\",\"refreshToken\":\"eyJhbGciOiJIUzI1NiIsInR5cCI6IkpXVCJ9.eyJpZCI6IjY5ZWYxMjllNDBhNWU2MWViNWMxMTU3ZSIsInR5cGUiOiJyZWZyZXNoIiwiaWF0IjoxNzc3MzM5OTIyLCJleHAiOjE3Nzc5NDQ3MjJ9.fFBmkAlj34QdptzZceg4Hi3C-oGi2RVP9smo39FJK5Q\",\"authenticated\":\"true\",\"csrfSecret\":\"6dPBxIhX6ERRWcmAuA4zumni\",\"csrfToken\":\"lQLrw5oO-jvZUqRLV_4hjbtCAg1FbkvzNx_Y\"}, Headers Auth: false","timestamp":"2026-04-28T01:41:37.320Z"}
{"level":"info","message":"GET /api/admin/all-admins?page=1&limit=10&search=&sortBy=newest - 200 - 21ms","timestamp":"2026-04-28T01:41:37.340Z"}
{"level":"debug","message":"Auth protect check - Cookies: {\"accessToken\":\"eyJhbGciOiJIUzI1NiIsInR5cCI6IkpXVCJ9.eyJpZCI6IjY5ZWYxMjllNDBhNWU2MWViNWMxMTU3ZSIsInJvbGUiOiJzdXBlcmFkbWluIiwidHlwZSI6ImFjY2VzcyIsImlhdCI6MTc3NzMzOTkyMiwiZXhwIjoxNzc3MzQwODIyfQ.UBC1JkTvNnr3f4KEGYz51dfpFnK1aXYbJgINAI9rc3Y\",\"refreshToken\":\"eyJhbGciOiJIUzI1NiIsInR5cCI6IkpXVCJ9.eyJpZCI6IjY5ZWYxMjllNDBhNWU2MWViNWMxMTU3ZSIsInR5cGUiOiJyZWZyZXNoIiwiaWF0IjoxNzc3MzM5OTIyLCJleHAiOjE3Nzc5NDQ3MjJ9.fFBmkAlj34QdptzZceg4Hi3C-oGi2RVP9smo39FJK5Q\",\"authenticated\":\"true\",\"csrfSecret\":\"6dPBxIhX6ERRWcmAuA4zumni\",\"csrfToken\":\"lQLrw5oO-jvZUqRLV_4hjbtCAg1FbkvzNx_Y\"}, Headers Auth: false","timestamp":"2026-04-28T01:41:37.350Z"}
{"level":"info","message":"GET /api/admin/all-admins?page=1&limit=10&search=&sortBy=newest - 200 - 55ms","timestamp":"2026-04-28T01:41:37.404Z"}
{"level":"debug","message":"Auth protect check - Cookies: {\"accessToken\":\"eyJhbGciOiJIUzI1NiIsInR5cCI6IkpXVCJ9.eyJpZCI6IjY5ZWYxMjllNDBhNWU2MWViNWMxMTU3ZSIsInJvbGUiOiJzdXBlcmFkbWluIiwidHlwZSI6ImFjY2VzcyIsImlhdCI6MTc3NzMzOTkyMiwiZXhwIjoxNzc3MzQwODIyfQ.UBC1JkTvNnr3f4KEGYz51dfpFnK1aXYbJgINAI9rc3Y\",\"refreshToken\":\"eyJhbGciOiJIUzI1NiIsInR5cCI6IkpXVCJ9.eyJpZCI6IjY5ZWYxMjllNDBhNWU2MWViNWMxMTU3ZSIsInR5cGUiOiJyZWZyZXNoIiwiaWF0IjoxNzc3MzM5OTIyLCJleHAiOjE3Nzc5NDQ3MjJ9.fFBmkAlj34QdptzZceg4Hi3C-oGi2RVP9smo39FJK5Q\",\"authenticated\":\"true\",\"csrfSecret\":\"6dPBxIhX6ERRWcmAuA4zumni\",\"csrfToken\":\"lQLrw5oO-jvZUqRLV_4hjbtCAg1FbkvzNx_Y\"}, Headers Auth: false","timestamp":"2026-04-28T01:41:37.416Z"}
{"level":"info","message":"GET /api/admin/all-admins?page=1&limit=10&search=&sortBy=newest - 200 - 102ms","timestamp":"2026-04-28T01:41:37.517Z"}
{"level":"debug","message":"Auth protect check - Cookies: {\"accessToken\":\"eyJhbGciOiJIUzI1NiIsInR5cCI6IkpXVCJ9.eyJpZCI6IjY5ZWYxMjllNDBhNWU2MWViNWMxMTU3ZSIsInJvbGUiOiJzdXBlcmFkbWluIiwidHlwZSI6ImFjY2VzcyIsImlhdCI6MTc3NzMzOTkyMiwiZXhwIjoxNzc3MzQwODIyfQ.UBC1JkTvNnr3f4KEGYz51dfpFnK1aXYbJgINAI9rc3Y\",\"refreshToken\":\"eyJhbGciOiJIUzI1NiIsInR5cCI6IkpXVCJ9.eyJpZCI6IjY5ZWYxMjllNDBhNWU2MWViNWMxMTU3ZSIsInR5cGUiOiJyZWZyZXNoIiwiaWF0IjoxNzc3MzM5OTIyLCJleHAiOjE3Nzc5NDQ3MjJ9.fFBmkAlj34QdptzZceg4Hi3C-oGi2RVP9smo39FJK5Q\",\"authenticated\":\"true\",\"csrfSecret\":\"6dPBxIhX6ERRWcmAuA4zumni\",\"csrfToken\":\"lQLrw5oO-jvZUqRLV_4hjbtCAg1FbkvzNx_Y\"}, Headers Auth: false","timestamp":"2026-04-28T01:41:37.539Z"}
{"level":"info","message":"GET /api/admin/all-admins?page=1&limit=10&search=&sortBy=newest - 200 - 86ms","timestamp":"2026-04-28T01:41:37.625Z"}
{"level":"debug","message":"Auth protect check - Cookies: {\"accessToken\":\"eyJhbGciOiJIUzI1NiIsInR5cCI6IkpXVCJ9.eyJpZCI6IjY5ZWYxMjllNDBhNWU2MWViNWMxMTU3ZSIsInJvbGUiOiJzdXBlcmFkbWluIiwidHlwZSI6ImFjY2VzcyIsImlhdCI6MTc3NzMzOTkyMiwiZXhwIjoxNzc3MzQwODIyfQ.UBC1JkTvNnr3f4KEGYz51dfpFnK1aXYbJgINAI9rc3Y\",\"refreshToken\":\"eyJhbGciOiJIUzI1NiIsInR5cCI6IkpXVCJ9.eyJpZCI6IjY5ZWYxMjllNDBhNWU2MWViNWMxMTU3ZSIsInR5cGUiOiJyZWZyZXNoIiwiaWF0IjoxNzc3MzM5OTIyLCJleHAiOjE3Nzc5NDQ3MjJ9.fFBmkAlj34QdptzZceg4Hi3C-oGi2RVP9smo39FJK5Q\",\"authenticated\":\"true\",\"csrfSecret\":\"6dPBxIhX6ERRWcmAuA4zumni\",\"csrfToken\":\"lQLrw5oO-jvZUqRLV_4hjbtCAg1FbkvzNx_Y\"}, Headers Auth: false","timestamp":"2026-04-28T01:41:41.198Z"}
{"level":"info","message":"GET /api/admin/all-admins?page=1&limit=10&search=&sortBy=newest - 200 - 20ms","timestamp":"2026-04-28T01:41:41.218Z"}
{"level":"debug","message":"Auth protect check - Cookies: {\"accessToken\":\"eyJhbGciOiJIUzI1NiIsInR5cCI6IkpXVCJ9.eyJpZCI6IjY5ZWYxMjllNDBhNWU2MWViNWMxMTU3ZSIsInJvbGUiOiJzdXBlcmFkbWluIiwidHlwZSI6ImFjY2VzcyIsImlhdCI6MTc3NzMzOTkyMiwiZXhwIjoxNzc3MzQwODIyfQ.UBC1JkTvNnr3f4KEGYz51dfpFnK1aXYbJgINAI9rc3Y\",\"refreshToken\":\"eyJhbGciOiJIUzI1NiIsInR5cCI6IkpXVCJ9.eyJpZCI6IjY5ZWYxMjllNDBhNWU2MWViNWMxMTU3ZSIsInR5cGUiOiJyZWZyZXNoIiwiaWF0IjoxNzc3MzM5OTIyLCJleHAiOjE3Nzc5NDQ3MjJ9.fFBmkAlj34QdptzZceg4Hi3C-oGi2RVP9smo39FJK5Q\",\"authenticated\":\"true\",\"csrfSecret\":\"6dPBxIhX6ERRWcmAuA4zumni\",\"csrfToken\":\"lQLrw5oO-jvZUqRLV_4hjbtCAg1FbkvzNx_Y\"}, Headers Auth: false","timestamp":"2026-04-28T01:41:41.233Z"}
{"level":"info","message":"GET /api/admin/all-admins?page=1&limit=10&search=&sortBy=newest - 200 - 99ms","timestamp":"2026-04-28T01:41:41.331Z"}
{"level":"debug","message":"Auth protect check - Cookies: {\"accessToken\":\"eyJhbGciOiJIUzI1NiIsInR5cCI6IkpXVCJ9.eyJpZCI6IjY5ZWYxMjllNDBhNWU2MWViNWMxMTU3ZSIsInJvbGUiOiJzdXBlcmFkbWluIiwidHlwZSI6ImFjY2VzcyIsImlhdCI6MTc3NzMzOTkyMiwiZXhwIjoxNzc3MzQwODIyfQ.UBC1JkTvNnr3f4KEGYz51dfpFnK1aXYbJgINAI9rc3Y\",\"refreshToken\":\"eyJhbGciOiJIUzI1NiIsInR5cCI6IkpXVCJ9.eyJpZCI6IjY5ZWYxMjllNDBhNWU2MWViNWMxMTU3ZSIsInR5cGUiOiJyZWZyZXNoIiwiaWF0IjoxNzc3MzM5OTIyLCJleHAiOjE3Nzc5NDQ3MjJ9.fFBmkAlj34QdptzZceg4Hi3C-oGi2RVP9smo39FJK5Q\",\"authenticated\":\"true\",\"csrfSecret\":\"6dPBxIhX6ERRWcmAuA4zumni\",\"csrfToken\":\"lQLrw5oO-jvZUqRLV_4hjbtCAg1FbkvzNx_Y\"}, Headers Auth: false","timestamp":"2026-04-28T01:41:41.351Z"}
{"level":"info","message":"GET /api/admin/all-admins?page=1&limit=10&search=&sortBy=newest - 200 - 64ms","timestamp":"2026-04-28T01:41:41.415Z"}
{"level":"debug","message":"Auth protect check - Cookies: {\"accessToken\":\"eyJhbGciOiJIUzI1NiIsInR5cCI6IkpXVCJ9.eyJpZCI6IjY5ZWYxMjllNDBhNWU2MWViNWMxMTU3ZSIsInJvbGUiOiJzdXBlcmFkbWluIiwidHlwZSI6ImFjY2VzcyIsImlhdCI6MTc3NzMzOTkyMiwiZXhwIjoxNzc3MzQwODIyfQ.UBC1JkTvNnr3f4KEGYz51dfpFnK1aXYbJgINAI9rc3Y\",\"refreshToken\":\"eyJhbGciOiJIUzI1NiIsInR5cCI6IkpXVCJ9.eyJpZCI6IjY5ZWYxMjllNDBhNWU2MWViNWMxMTU3ZSIsInR5cGUiOiJyZWZyZXNoIiwiaWF0IjoxNzc3MzM5OTIyLCJleHAiOjE3Nzc5NDQ3MjJ9.fFBmkAlj34QdptzZceg4Hi3C-oGi2RVP9smo39FJK5Q\",\"authenticated\":\"true\",\"csrfSecret\":\"6dPBxIhX6ERRWcmAuA4zumni\",\"csrfToken\":\"lQLrw5oO-jvZUqRLV_4hjbtCAg1FbkvzNx_Y\"}, Headers Auth: false","timestamp":"2026-04-28T01:41:41.456Z"}
{"level":"info","message":"GET /api/admin/all-admins?page=1&limit=10&search=&sortBy=newest - 200 - 83ms","timestamp":"2026-04-28T01:41:41.538Z"}
{"level":"debug","message":"Auth protect check - Cookies: {\"accessToken\":\"eyJhbGciOiJIUzI1NiIsInR5cCI6IkpXVCJ9.eyJpZCI6IjY5ZWYxMjllNDBhNWU2MWViNWMxMTU3ZSIsInJvbGUiOiJzdXBlcmFkbWluIiwidHlwZSI6ImFjY2VzcyIsImlhdCI6MTc3NzMzOTkyMiwiZXhwIjoxNzc3MzQwODIyfQ.UBC1JkTvNnr3f4KEGYz51dfpFnK1aXYbJgINAI9rc3Y\",\"refreshToken\":\"eyJhbGciOiJIUzI1NiIsInR5cCI6IkpXVCJ9.eyJpZCI6IjY5ZWYxMjllNDBhNWU2MWViNWMxMTU3ZSIsInR5cGUiOiJyZWZyZXNoIiwiaWF0IjoxNzc3MzM5OTIyLCJleHAiOjE3Nzc5NDQ3MjJ9.fFBmkAlj34QdptzZceg4Hi3C-oGi2RVP9smo39FJK5Q\",\"authenticated\":\"true\",\"csrfSecret\":\"6dPBxIhX6ERRWcmAuA4zumni\",\"csrfToken\":\"lQLrw5oO-jvZUqRLV_4hjbtCAg1FbkvzNx_Y\"}, Headers Auth: false","timestamp":"2026-04-28T01:41:43.350Z"}
{"level":"info","message":"GET /api/contact/info - 200 - 8ms","timestamp":"2026-04-28T01:41:43.356Z"}
{"level":"info","message":"GET /api/contact/info - 200 - 4ms","timestamp":"2026-04-28T01:41:43.373Z"}
{"level":"info","message":"GET /api/contact/messages - 200 - 57ms","timestamp":"2026-04-28T01:41:43.407Z"}
{"level":"info","message":"GET /api/contact/info - 200 - 14ms","timestamp":"2026-04-28T01:41:43.427Z"}
{"level":"debug","message":"Auth protect check - Cookies: {\"accessToken\":\"eyJhbGciOiJIUzI1NiIsInR5cCI6IkpXVCJ9.eyJpZCI6IjY5ZWYxMjllNDBhNWU2MWViNWMxMTU3ZSIsInJvbGUiOiJzdXBlcmFkbWluIiwidHlwZSI6ImFjY2VzcyIsImlhdCI6MTc3NzMzOTkyMiwiZXhwIjoxNzc3MzQwODIyfQ.UBC1JkTvNnr3f4KEGYz51dfpFnK1aXYbJgINAI9rc3Y\",\"refreshToken\":\"eyJhbGciOiJIUzI1NiIsInR5cCI6IkpXVCJ9.eyJpZCI6IjY5ZWYxMjllNDBhNWU2MWViNWMxMTU3ZSIsInR5cGUiOiJyZWZyZXNoIiwiaWF0IjoxNzc3MzM5OTIyLCJleHAiOjE3Nzc5NDQ3MjJ9.fFBmkAlj34QdptzZceg4Hi3C-oGi2RVP9smo39FJK5Q\",\"authenticated\":\"true\",\"csrfSecret\":\"6dPBxIhX6ERRWcmAuA4zumni\",\"csrfToken\":\"lQLrw5oO-jvZUqRLV_4hjbtCAg1FbkvzNx_Y\"}, Headers Auth: false","timestamp":"2026-04-28T01:41:43.436Z"}
{"level":"info","message":"GET /api/contact/info - 200 - 9ms","timestamp":"2026-04-28T01:41:43.471Z"}
{"level":"info","message":"GET /api/contact/messages - 200 - 150ms","timestamp":"2026-04-28T01:41:43.586Z"}
{"level":"debug","message":"Auth protect check - Cookies: {\"accessToken\":\"eyJhbGciOiJIUzI1NiIsInR5cCI6IkpXVCJ9.eyJpZCI6IjY5ZWYxMjllNDBhNWU2MWViNWMxMTU3ZSIsInJvbGUiOiJzdXBlcmFkbWluIiwidHlwZSI6ImFjY2VzcyIsImlhdCI6MTc3NzMzOTkyMiwiZXhwIjoxNzc3MzQwODIyfQ.UBC1JkTvNnr3f4KEGYz51dfpFnK1aXYbJgINAI9rc3Y\",\"refreshToken\":\"eyJhbGciOiJIUzI1NiIsInR5cCI6IkpXVCJ9.eyJpZCI6IjY5ZWYxMjllNDBhNWU2MWViNWMxMTU3ZSIsInR5cGUiOiJyZWZyZXNoIiwiaWF0IjoxNzc3MzM5OTIyLCJleHAiOjE3Nzc5NDQ3MjJ9.fFBmkAlj34QdptzZceg4Hi3C-oGi2RVP9smo39FJK5Q\",\"authenticated\":\"true\",\"csrfSecret\":\"6dPBxIhX6ERRWcmAuA4zumni\",\"csrfToken\":\"lQLrw5oO-jvZUqRLV_4hjbtCAg1FbkvzNx_Y\"}, Headers Auth: false","timestamp":"2026-04-28T01:41:43.642Z"}
{"level":"info","message":"GET /api/contact/messages - 200 - 103ms","timestamp":"2026-04-28T01:41:43.744Z"}
{"level":"debug","message":"Auth protect check - Cookies: {\"accessToken\":\"eyJhbGciOiJIUzI1NiIsInR5cCI6IkpXVCJ9.eyJpZCI6IjY5ZWYxMjllNDBhNWU2MWViNWMxMTU3ZSIsInJvbGUiOiJzdXBlcmFkbWluIiwidHlwZSI6ImFjY2VzcyIsImlhdCI6MTc3NzMzOTkyMiwiZXhwIjoxNzc3MzQwODIyfQ.UBC1JkTvNnr3f4KEGYz51dfpFnK1aXYbJgINAI9rc3Y\",\"refreshToken\":\"eyJhbGciOiJIUzI1NiIsInR5cCI6IkpXVCJ9.eyJpZCI6IjY5ZWYxMjllNDBhNWU2MWViNWMxMTU3ZSIsInR5cGUiOiJyZWZyZXNoIiwiaWF0IjoxNzc3MzM5OTIyLCJleHAiOjE3Nzc5NDQ3MjJ9.fFBmkAlj34QdptzZceg4Hi3C-oGi2RVP9smo39FJK5Q\",\"authenticated\":\"true\",\"csrfSecret\":\"6dPBxIhX6ERRWcmAuA4zumni\",\"csrfToken\":\"lQLrw5oO-jvZUqRLV_4hjbtCAg1FbkvzNx_Y\"}, Headers Auth: false","timestamp":"2026-04-28T01:41:43.762Z"}
{"level":"info","message":"GET /api/contact/messages - 200 - 89ms","timestamp":"2026-04-28T01:41:43.850Z"}
{"level":"debug","message":"Auth protect check - Cookies: {\"accessToken\":\"eyJhbGciOiJIUzI1NiIsInR5cCI6IkpXVCJ9.eyJpZCI6IjY5ZWYxMjllNDBhNWU2MWViNWMxMTU3ZSIsInJvbGUiOiJzdXBlcmFkbWluIiwidHlwZSI6ImFjY2VzcyIsImlhdCI6MTc3NzMzOTkyMiwiZXhwIjoxNzc3MzQwODIyfQ.UBC1JkTvNnr3f4KEGYz51dfpFnK1aXYbJgINAI9rc3Y\",\"refreshToken\":\"eyJhbGciOiJIUzI1NiIsInR5cCI6IkpXVCJ9.eyJpZCI6IjY5ZWYxMjllNDBhNWU2MWViNWMxMTU3ZSIsInR5cGUiOiJyZWZyZXNoIiwiaWF0IjoxNzc3MzM5OTIyLCJleHAiOjE3Nzc5NDQ3MjJ9.fFBmkAlj34QdptzZceg4Hi3C-oGi2RVP9smo39FJK5Q\",\"authenticated\":\"true\",\"csrfSecret\":\"6dPBxIhX6ERRWcmAuA4zumni\",\"csrfToken\":\"lQLrw5oO-jvZUqRLV_4hjbtCAg1FbkvzNx_Y\"}, Headers Auth: false","timestamp":"2026-04-28T01:41:46.324Z"}
{"level":"info","message":"GET /api/hero/admin - 200 - 24ms","timestamp":"2026-04-28T01:41:46.348Z"}
{"level":"debug","message":"Auth protect check - Cookies: {\"accessToken\":\"eyJhbGciOiJIUzI1NiIsInR5cCI6IkpXVCJ9.eyJpZCI6IjY5ZWYxMjllNDBhNWU2MWViNWMxMTU3ZSIsInJvbGUiOiJzdXBlcmFkbWluIiwidHlwZSI6ImFjY2VzcyIsImlhdCI6MTc3NzMzOTkyMiwiZXhwIjoxNzc3MzQwODIyfQ.UBC1JkTvNnr3f4KEGYz51dfpFnK1aXYbJgINAI9rc3Y\",\"refreshToken\":\"eyJhbGciOiJIUzI1NiIsInR5cCI6IkpXVCJ9.eyJpZCI6IjY5ZWYxMjllNDBhNWU2MWViNWMxMTU3ZSIsInR5cGUiOiJyZWZyZXNoIiwiaWF0IjoxNzc3MzM5OTIyLCJleHAiOjE3Nzc5NDQ3MjJ9.fFBmkAlj34QdptzZceg4Hi3C-oGi2RVP9smo39FJK5Q\",\"authenticated\":\"true\",\"csrfSecret\":\"6dPBxIhX6ERRWcmAuA4zumni\",\"csrfToken\":\"lQLrw5oO-jvZUqRLV_4hjbtCAg1FbkvzNx_Y\"}, Headers Auth: false","timestamp":"2026-04-28T01:41:46.372Z"}
{"level":"info","message":"GET /api/hero/admin - 200 - 50ms","timestamp":"2026-04-28T01:41:46.422Z"}
{"level":"debug","message":"Auth protect check - Cookies: {\"accessToken\":\"eyJhbGciOiJIUzI1NiIsInR5cCI6IkpXVCJ9.eyJpZCI6IjY5ZWYxMjllNDBhNWU2MWViNWMxMTU3ZSIsInJvbGUiOiJzdXBlcmFkbWluIiwidHlwZSI6ImFjY2VzcyIsImlhdCI6MTc3NzMzOTkyMiwiZXhwIjoxNzc3MzQwODIyfQ.UBC1JkTvNnr3f4KEGYz51dfpFnK1aXYbJgINAI9rc3Y\",\"refreshToken\":\"eyJhbGciOiJIUzI1NiIsInR5cCI6IkpXVCJ9.eyJpZCI6IjY5ZWYxMjllNDBhNWU2MWViNWMxMTU3ZSIsInR5cGUiOiJyZWZyZXNoIiwiaWF0IjoxNzc3MzM5OTIyLCJleHAiOjE3Nzc5NDQ3MjJ9.fFBmkAlj34QdptzZceg4Hi3C-oGi2RVP9smo39FJK5Q\",\"authenticated\":\"true\",\"csrfSecret\":\"6dPBxIhX6ERRWcmAuA4zumni\",\"csrfToken\":\"lQLrw5oO-jvZUqRLV_4hjbtCAg1FbkvzNx_Y\"}, Headers Auth: false","timestamp":"2026-04-28T01:41:46.446Z"}
{"level":"info","message":"GET /api/hero/admin - 200 - 188ms","timestamp":"2026-04-28T01:41:46.633Z"}
{"level":"debug","message":"Auth protect check - Cookies: {\"accessToken\":\"eyJhbGciOiJIUzI1NiIsInR5cCI6IkpXVCJ9.eyJpZCI6IjY5ZWYxMjllNDBhNWU2MWViNWMxMTU3ZSIsInJvbGUiOiJzdXBlcmFkbWluIiwidHlwZSI6ImFjY2VzcyIsImlhdCI6MTc3NzMzOTkyMiwiZXhwIjoxNzc3MzQwODIyfQ.UBC1JkTvNnr3f4KEGYz51dfpFnK1aXYbJgINAI9rc3Y\",\"refreshToken\":\"eyJhbGciOiJIUzI1NiIsInR5cCI6IkpXVCJ9.eyJpZCI6IjY5ZWYxMjllNDBhNWU2MWViNWMxMTU3ZSIsInR5cGUiOiJyZWZyZXNoIiwiaWF0IjoxNzc3MzM5OTIyLCJleHAiOjE3Nzc5NDQ3MjJ9.fFBmkAlj34QdptzZceg4Hi3C-oGi2RVP9smo39FJK5Q\",\"authenticated\":\"true\",\"csrfSecret\":\"6dPBxIhX6ERRWcmAuA4zumni\",\"csrfToken\":\"lQLrw5oO-jvZUqRLV_4hjbtCAg1FbkvzNx_Y\"}, Headers Auth: false","timestamp":"2026-04-28T01:41:46.678Z"}
{"level":"info","message":"GET /api/hero/admin - 200 - 103ms","timestamp":"2026-04-28T01:41:46.779Z"}
{"level":"debug","message":"Auth protect check - Cookies: {\"accessToken\":\"eyJhbGciOiJIUzI1NiIsInR5cCI6IkpXVCJ9.eyJpZCI6IjY5ZWYxMjllNDBhNWU2MWViNWMxMTU3ZSIsInJvbGUiOiJzdXBlcmFkbWluIiwidHlwZSI6ImFjY2VzcyIsImlhdCI6MTc3NzMzOTkyMiwiZXhwIjoxNzc3MzQwODIyfQ.UBC1JkTvNnr3f4KEGYz51dfpFnK1aXYbJgINAI9rc3Y\",\"refreshToken\":\"eyJhbGciOiJIUzI1NiIsInR5cCI6IkpXVCJ9.eyJpZCI6IjY5ZWYxMjllNDBhNWU2MWViNWMxMTU3ZSIsInR5cGUiOiJyZWZyZXNoIiwiaWF0IjoxNzc3MzM5OTIyLCJleHAiOjE3Nzc5NDQ3MjJ9.fFBmkAlj34QdptzZceg4Hi3C-oGi2RVP9smo39FJK5Q\",\"authenticated\":\"true\",\"csrfSecret\":\"6dPBxIhX6ERRWcmAuA4zumni\",\"csrfToken\":\"lQLrw5oO-jvZUqRLV_4hjbtCAg1FbkvzNx_Y\"}, Headers Auth: false","timestamp":"2026-04-28T01:41:50.137Z"}
{"level":"info","message":"GET /api/admin/dashboard-stats - 200 - 257ms","timestamp":"2026-04-28T01:41:50.393Z"}
{"level":"debug","message":"Auth protect check - Cookies: {\"accessToken\":\"eyJhbGciOiJIUzI1NiIsInR5cCI6IkpXVCJ9.eyJpZCI6IjY5ZWYxMjllNDBhNWU2MWViNWMxMTU3ZSIsInJvbGUiOiJzdXBlcmFkbWluIiwidHlwZSI6ImFjY2VzcyIsImlhdCI6MTc3NzMzOTkyMiwiZXhwIjoxNzc3MzQwODIyfQ.UBC1JkTvNnr3f4KEGYz51dfpFnK1aXYbJgINAI9rc3Y\",\"refreshToken\":\"eyJhbGciOiJIUzI1NiIsInR5cCI6IkpXVCJ9.eyJpZCI6IjY5ZWYxMjllNDBhNWU2MWViNWMxMTU3ZSIsInR5cGUiOiJyZWZyZXNoIiwiaWF0IjoxNzc3MzM5OTIyLCJleHAiOjE3Nzc5NDQ3MjJ9.fFBmkAlj34QdptzZceg4Hi3C-oGi2RVP9smo39FJK5Q\",\"authenticated\":\"true\",\"csrfSecret\":\"6dPBxIhX6ERRWcmAuA4zumni\",\"csrfToken\":\"lQLrw5oO-jvZUqRLV_4hjbtCAg1FbkvzNx_Y\"}, Headers Auth: false","timestamp":"2026-04-28T01:41:50.400Z"}
{"level":"info","message":"GET /api/admin/dashboard-stats - 200 - 57ms","timestamp":"2026-04-28T01:41:50.457Z"}
{"level":"debug","message":"Auth protect check - Cookies: {\"accessToken\":\"eyJhbGciOiJIUzI1NiIsInR5cCI6IkpXVCJ9.eyJpZCI6IjY5ZWYxMjllNDBhNWU2MWViNWMxMTU3ZSIsInJvbGUiOiJzdXBlcmFkbWluIiwidHlwZSI6ImFjY2VzcyIsImlhdCI6MTc3NzMzOTkyMiwiZXhwIjoxNzc3MzQwODIyfQ.UBC1JkTvNnr3f4KEGYz51dfpFnK1aXYbJgINAI9rc3Y\",\"refreshToken\":\"eyJhbGciOiJIUzI1NiIsInR5cCI6IkpXVCJ9.eyJpZCI6IjY5ZWYxMjllNDBhNWU2MWViNWMxMTU3ZSIsInR5cGUiOiJyZWZyZXNoIiwiaWF0IjoxNzc3MzM5OTIyLCJleHAiOjE3Nzc5NDQ3MjJ9.fFBmkAlj34QdptzZceg4Hi3C-oGi2RVP9smo39FJK5Q\",\"authenticated\":\"true\",\"csrfSecret\":\"6dPBxIhX6ERRWcmAuA4zumni\",\"csrfToken\":\"lQLrw5oO-jvZUqRLV_4hjbtCAg1FbkvzNx_Y\"}, Headers Auth: false","timestamp":"2026-04-28T01:41:50.464Z"}
{"level":"info","message":"GET /api/admin/dashboard-stats - 200 - 31ms","timestamp":"2026-04-28T01:41:50.493Z"}
{"level":"debug","message":"Auth protect check - Cookies: {\"accessToken\":\"eyJhbGciOiJIUzI1NiIsInR5cCI6IkpXVCJ9.eyJpZCI6IjY5ZWYxMjllNDBhNWU2MWViNWMxMTU3ZSIsInJvbGUiOiJzdXBlcmFkbWluIiwidHlwZSI6ImFjY2VzcyIsImlhdCI6MTc3NzMzOTkyMiwiZXhwIjoxNzc3MzQwODIyfQ.UBC1JkTvNnr3f4KEGYz51dfpFnK1aXYbJgINAI9rc3Y\",\"refreshToken\":\"eyJhbGciOiJIUzI1NiIsInR5cCI6IkpXVCJ9.eyJpZCI6IjY5ZWYxMjllNDBhNWU2MWViNWMxMTU3ZSIsInR5cGUiOiJyZWZyZXNoIiwiaWF0IjoxNzc3MzM5OTIyLCJleHAiOjE3Nzc5NDQ3MjJ9.fFBmkAlj34QdptzZceg4Hi3C-oGi2RVP9smo39FJK5Q\",\"authenticated\":\"true\",\"csrfSecret\":\"6dPBxIhX6ERRWcmAuA4zumni\",\"csrfToken\":\"lQLrw5oO-jvZUqRLV_4hjbtCAg1FbkvzNx_Y\"}, Headers Auth: false","timestamp":"2026-04-28T01:41:50.503Z"}
{"level":"info","message":"GET /api/admin/dashboard-stats - 200 - 32ms","timestamp":"2026-04-28T01:41:50.535Z"}
{"level":"debug","message":"Auth protect check - Cookies: {\"accessToken\":\"eyJhbGciOiJIUzI1NiIsInR5cCI6IkpXVCJ9.eyJpZCI6IjY5ZWYxMjllNDBhNWU2MWViNWMxMTU3ZSIsInJvbGUiOiJzdXBlcmFkbWluIiwidHlwZSI6ImFjY2VzcyIsImlhdCI6MTc3NzMzOTkyMiwiZXhwIjoxNzc3MzQwODIyfQ.UBC1JkTvNnr3f4KEGYz51dfpFnK1aXYbJgINAI9rc3Y\",\"refreshToken\":\"eyJhbGciOiJIUzI1NiIsInR5cCI6IkpXVCJ9.eyJpZCI6IjY5ZWYxMjllNDBhNWU2MWViNWMxMTU3ZSIsInR5cGUiOiJyZWZyZXNoIiwiaWF0IjoxNzc3MzM5OTIyLCJleHAiOjE3Nzc5NDQ3MjJ9.fFBmkAlj34QdptzZceg4Hi3C-oGi2RVP9smo39FJK5Q\",\"authenticated\":\"true\",\"csrfSecret\":\"6dPBxIhX6ERRWcmAuA4zumni\",\"csrfToken\":\"lQLrw5oO-jvZUqRLV_4hjbtCAg1FbkvzNx_Y\"}, Headers Auth: false","timestamp":"2026-04-28T01:41:51.841Z"}
{"level":"info","message":"GET /api/admin/dashboard-stats - 200 - 92ms","timestamp":"2026-04-28T01:41:51.933Z"}
{"level":"debug","message":"Auth protect check - Cookies: {\"accessToken\":\"eyJhbGciOiJIUzI1NiIsInR5cCI6IkpXVCJ9.eyJpZCI6IjY5ZWYxMjllNDBhNWU2MWViNWMxMTU3ZSIsInJvbGUiOiJzdXBlcmFkbWluIiwidHlwZSI6ImFjY2VzcyIsImlhdCI6MTc3NzMzOTkyMiwiZXhwIjoxNzc3MzQwODIyfQ.UBC1JkTvNnr3f4KEGYz51dfpFnK1aXYbJgINAI9rc3Y\",\"refreshToken\":\"eyJhbGciOiJIUzI1NiIsInR5cCI6IkpXVCJ9.eyJpZCI6IjY5ZWYxMjllNDBhNWU2MWViNWMxMTU3ZSIsInR5cGUiOiJyZWZyZXNoIiwiaWF0IjoxNzc3MzM5OTIyLCJleHAiOjE3Nzc5NDQ3MjJ9.fFBmkAlj34QdptzZceg4Hi3C-oGi2RVP9smo39FJK5Q\",\"authenticated\":\"true\",\"csrfSecret\":\"6dPBxIhX6ERRWcmAuA4zumni\",\"csrfToken\":\"lQLrw5oO-jvZUqRLV_4hjbtCAg1FbkvzNx_Y\"}, Headers Auth: false","timestamp":"2026-04-28T01:41:51.948Z"}
{"level":"info","message":"GET /api/admin/dashboard-stats - 200 - 38ms","timestamp":"2026-04-28T01:41:51.985Z"}
{"level":"debug","message":"Auth protect check - Cookies: {\"accessToken\":\"eyJhbGciOiJIUzI1NiIsInR5cCI6IkpXVCJ9.eyJpZCI6IjY5ZWYxMjllNDBhNWU2MWViNWMxMTU3ZSIsInJvbGUiOiJzdXBlcmFkbWluIiwidHlwZSI6ImFjY2VzcyIsImlhdCI6MTc3NzMzOTkyMiwiZXhwIjoxNzc3MzQwODIyfQ.UBC1JkTvNnr3f4KEGYz51dfpFnK1aXYbJgINAI9rc3Y\",\"refreshToken\":\"eyJhbGciOiJIUzI1NiIsInR5cCI6IkpXVCJ9.eyJpZCI6IjY5ZWYxMjllNDBhNWU2MWViNWMxMTU3ZSIsInR5cGUiOiJyZWZyZXNoIiwiaWF0IjoxNzc3MzM5OTIyLCJleHAiOjE3Nzc5NDQ3MjJ9.fFBmkAlj34QdptzZceg4Hi3C-oGi2RVP9smo39FJK5Q\",\"authenticated\":\"true\",\"csrfSecret\":\"6dPBxIhX6ERRWcmAuA4zumni\",\"csrfToken\":\"lQLrw5oO-jvZUqRLV_4hjbtCAg1FbkvzNx_Y\"}, Headers Auth: false","timestamp":"2026-04-28T01:41:51.992Z"}
{"level":"info","message":"GET /api/admin/dashboard-stats - 200 - 33ms","timestamp":"2026-04-28T01:41:52.024Z"}
{"level":"debug","message":"Auth protect check - Cookies: {\"accessToken\":\"eyJhbGciOiJIUzI1NiIsInR5cCI6IkpXVCJ9.eyJpZCI6IjY5ZWYxMjllNDBhNWU2MWViNWMxMTU3ZSIsInJvbGUiOiJzdXBlcmFkbWluIiwidHlwZSI6ImFjY2VzcyIsImlhdCI6MTc3NzMzOTkyMiwiZXhwIjoxNzc3MzQwODIyfQ.UBC1JkTvNnr3f4KEGYz51dfpFnK1aXYbJgINAI9rc3Y\",\"refreshToken\":\"eyJhbGciOiJIUzI1NiIsInR5cCI6IkpXVCJ9.eyJpZCI6IjY5ZWYxMjllNDBhNWU2MWViNWMxMTU3ZSIsInR5cGUiOiJyZWZyZXNoIiwiaWF0IjoxNzc3MzM5OTIyLCJleHAiOjE3Nzc5NDQ3MjJ9.fFBmkAlj34QdptzZceg4Hi3C-oGi2RVP9smo39FJK5Q\",\"authenticated\":\"true\",\"csrfSecret\":\"6dPBxIhX6ERRWcmAuA4zumni\",\"csrfToken\":\"lQLrw5oO-jvZUqRLV_4hjbtCAg1FbkvzNx_Y\"}, Headers Auth: false","timestamp":"2026-04-28T01:41:52.038Z"}
{"level":"info","message":"GET /api/admin/dashboard-stats - 200 - 32ms","timestamp":"2026-04-28T01:41:52.070Z"}
{"level":"debug","message":"Auth protect check - Cookies: {\"accessToken\":\"eyJhbGciOiJIUzI1NiIsInR5cCI6IkpXVCJ9.eyJpZCI6IjY5ZWYxMjllNDBhNWU2MWViNWMxMTU3ZSIsInJvbGUiOiJzdXBlcmFkbWluIiwidHlwZSI6ImFjY2VzcyIsImlhdCI6MTc3NzMzOTkyMiwiZXhwIjoxNzc3MzQwODIyfQ.UBC1JkTvNnr3f4KEGYz51dfpFnK1aXYbJgINAI9rc3Y\",\"refreshToken\":\"eyJhbGciOiJIUzI1NiIsInR5cCI6IkpXVCJ9.eyJpZCI6IjY5ZWYxMjllNDBhNWU2MWViNWMxMTU3ZSIsInR5cGUiOiJyZWZyZXNoIiwiaWF0IjoxNzc3MzM5OTIyLCJleHAiOjE3Nzc5NDQ3MjJ9.fFBmkAlj34QdptzZceg4Hi3C-oGi2RVP9smo39FJK5Q\",\"authenticated\":\"true\",\"csrfSecret\":\"6dPBxIhX6ERRWcmAuA4zumni\",\"csrfToken\":\"lQLrw5oO-jvZUqRLV_4hjbtCAg1FbkvzNx_Y\"}, Headers Auth: false","timestamp":"2026-04-28T01:41:55.869Z"}
{"level":"debug","message":"Auth protect check - Cookies: {\"accessToken\":\"eyJhbGciOiJIUzI1NiIsInR5cCI6IkpXVCJ9.eyJpZCI6IjY5ZWYxMjllNDBhNWU2MWViNWMxMTU3ZSIsInJvbGUiOiJzdXBlcmFkbWluIiwidHlwZSI6ImFjY2VzcyIsImlhdCI6MTc3NzMzOTkyMiwiZXhwIjoxNzc3MzQwODIyfQ.UBC1JkTvNnr3f4KEGYz51dfpFnK1aXYbJgINAI9rc3Y\",\"refreshToken\":\"eyJhbGciOiJIUzI1NiIsInR5cCI6IkpXVCJ9.eyJpZCI6IjY5ZWYxMjllNDBhNWU2MWViNWMxMTU3ZSIsInR5cGUiOiJyZWZyZXNoIiwiaWF0IjoxNzc3MzM5OTIyLCJleHAiOjE3Nzc5NDQ3MjJ9.fFBmkAlj34QdptzZceg4Hi3C-oGi2RVP9smo39FJK5Q\",\"authenticated\":\"true\",\"csrfSecret\":\"6dPBxIhX6ERRWcmAuA4zumni\",\"csrfToken\":\"lQLrw5oO-jvZUqRLV_4hjbtCAg1FbkvzNx_Y\"}, Headers Auth: false","timestamp":"2026-04-28T01:41:56.062Z"}
{"level":"info","message":"GET /api/admin/settings - 200 - 334ms","timestamp":"2026-04-28T01:41:56.203Z"}
{"level":"debug","message":"Auth protect check - Cookies: {\"accessToken\":\"eyJhbGciOiJIUzI1NiIsInR5cCI6IkpXVCJ9.eyJpZCI6IjY5ZWYxMjllNDBhNWU2MWViNWMxMTU3ZSIsInJvbGUiOiJzdXBlcmFkbWluIiwidHlwZSI6ImFjY2VzcyIsImlhdCI6MTc3NzMzOTkyMiwiZXhwIjoxNzc3MzQwODIyfQ.UBC1JkTvNnr3f4KEGYz51dfpFnK1aXYbJgINAI9rc3Y\",\"refreshToken\":\"eyJhbGciOiJIUzI1NiIsInR5cCI6IkpXVCJ9.eyJpZCI6IjY5ZWYxMjllNDBhNWU2MWViNWMxMTU3ZSIsInR5cGUiOiJyZWZyZXNoIiwiaWF0IjoxNzc3MzM5OTIyLCJleHAiOjE3Nzc5NDQ3MjJ9.fFBmkAlj34QdptzZceg4Hi3C-oGi2RVP9smo39FJK5Q\",\"authenticated\":\"true\",\"csrfSecret\":\"6dPBxIhX6ERRWcmAuA4zumni\",\"csrfToken\":\"lQLrw5oO-jvZUqRLV_4hjbtCAg1FbkvzNx_Y\"}, Headers Auth: false","timestamp":"2026-04-28T01:41:56.209Z"}
{"level":"debug","message":"Auth protect check - Cookies: {\"accessToken\":\"eyJhbGciOiJIUzI1NiIsInR5cCI6IkpXVCJ9.eyJpZCI6IjY5ZWYxMjllNDBhNWU2MWViNWMxMTU3ZSIsInJvbGUiOiJzdXBlcmFkbWluIiwidHlwZSI6ImFjY2VzcyIsImlhdCI6MTc3NzMzOTkyMiwiZXhwIjoxNzc3MzQwODIyfQ.UBC1JkTvNnr3f4KEGYz51dfpFnK1aXYbJgINAI9rc3Y\",\"refreshToken\":\"eyJhbGciOiJIUzI1NiIsInR5cCI6IkpXVCJ9.eyJpZCI6IjY5ZWYxMjllNDBhNWU2MWViNWMxMTU3ZSIsInR5cGUiOiJyZWZyZXNoIiwiaWF0IjoxNzc3MzM5OTIyLCJleHAiOjE3Nzc5NDQ3MjJ9.fFBmkAlj34QdptzZceg4Hi3C-oGi2RVP9smo39FJK5Q\",\"authenticated\":\"true\",\"csrfSecret\":\"6dPBxIhX6ERRWcmAuA4zumni\",\"csrfToken\":\"lQLrw5oO-jvZUqRLV_4hjbtCAg1FbkvzNx_Y\"}, Headers Auth: false","timestamp":"2026-04-28T01:41:56.407Z"}
{"level":"info","message":"GET /api/admin/settings - 200 - 502ms","timestamp":"2026-04-28T01:41:56.563Z"}
{"level":"info","message":"GET /api/admin/settings - 200 - 531ms","timestamp":"2026-04-28T01:41:56.740Z"}
{"level":"info","message":"GET /api/admin/settings - 200 - 380ms","timestamp":"2026-04-28T01:41:56.787Z"}
{"level":"debug","message":"Auth protect check - Cookies: {\"accessToken\":\"eyJhbGciOiJIUzI1NiIsInR5cCI6IkpXVCJ9.eyJpZCI6IjY5ZWYxMjllNDBhNWU2MWViNWMxMTU3ZSIsInJvbGUiOiJzdXBlcmFkbWluIiwidHlwZSI6ImFjY2VzcyIsImlhdCI6MTc3NzMzOTkyMiwiZXhwIjoxNzc3MzQwODIyfQ.UBC1JkTvNnr3f4KEGYz51dfpFnK1aXYbJgINAI9rc3Y\",\"refreshToken\":\"eyJhbGciOiJIUzI1NiIsInR5cCI6IkpXVCJ9.eyJpZCI6IjY5ZWYxMjllNDBhNWU2MWViNWMxMTU3ZSIsInR5cGUiOiJyZWZyZXNoIiwiaWF0IjoxNzc3MzM5OTIyLCJleHAiOjE3Nzc5NDQ3MjJ9.fFBmkAlj34QdptzZceg4Hi3C-oGi2RVP9smo39FJK5Q\",\"authenticated\":\"true\",\"csrfSecret\":\"6dPBxIhX6ERRWcmAuA4zumni\",\"csrfToken\":\"lQLrw5oO-jvZUqRLV_4hjbtCAg1FbkvzNx_Y\"}, Headers Auth: false","timestamp":"2026-04-28T01:41:58.647Z"}
{"level":"info","message":"GET /api/contact/info - 200 - 11ms","timestamp":"2026-04-28T01:41:58.655Z"}
{"level":"info","message":"GET /api/contact/messages - 200 - 25ms","timestamp":"2026-04-28T01:41:58.672Z"}
{"level":"info","message":"GET /api/contact/info - 200 - 13ms","timestamp":"2026-04-28T01:41:58.681Z"}
{"level":"debug","message":"Auth protect check - Cookies: {\"accessToken\":\"eyJhbGciOiJIUzI1NiIsInR5cCI6IkpXVCJ9.eyJpZCI6IjY5ZWYxMjllNDBhNWU2MWViNWMxMTU3ZSIsInJvbGUiOiJzdXBlcmFkbWluIiwidHlwZSI6ImFjY2VzcyIsImlhdCI6MTc3NzMzOTkyMiwiZXhwIjoxNzc3MzQwODIyfQ.UBC1JkTvNnr3f4KEGYz51dfpFnK1aXYbJgINAI9rc3Y\",\"refreshToken\":\"eyJhbGciOiJIUzI1NiIsInR5cCI6IkpXVCJ9.eyJpZCI6IjY5ZWYxMjllNDBhNWU2MWViNWMxMTU3ZSIsInR5cGUiOiJyZWZyZXNoIiwiaWF0IjoxNzc3MzM5OTIyLCJleHAiOjE3Nzc5NDQ3MjJ9.fFBmkAlj34QdptzZceg4Hi3C-oGi2RVP9smo39FJK5Q\",\"authenticated\":\"true\",\"csrfSecret\":\"6dPBxIhX6ERRWcmAuA4zumni\",\"csrfToken\":\"lQLrw5oO-jvZUqRLV_4hjbtCAg1FbkvzNx_Y\"}, Headers Auth: false","timestamp":"2026-04-28T01:41:58.692Z"}
{"level":"info","message":"GET /api/contact/info - 200 - 8ms","timestamp":"2026-04-28T01:41:58.727Z"}
{"level":"info","message":"GET /api/contact/messages - 200 - 55ms","timestamp":"2026-04-28T01:41:58.747Z"}
{"level":"debug","message":"Auth protect check - Cookies: {\"accessToken\":\"eyJhbGciOiJIUzI1NiIsInR5cCI6IkpXVCJ9.eyJpZCI6IjY5ZWYxMjllNDBhNWU2MWViNWMxMTU3ZSIsInJvbGUiOiJzdXBlcmFkbWluIiwidHlwZSI6ImFjY2VzcyIsImlhdCI6MTc3NzMzOTkyMiwiZXhwIjoxNzc3MzQwODIyfQ.UBC1JkTvNnr3f4KEGYz51dfpFnK1aXYbJgINAI9rc3Y\",\"refreshToken\":\"eyJhbGciOiJIUzI1NiIsInR5cCI6IkpXVCJ9.eyJpZCI6IjY5ZWYxMjllNDBhNWU2MWViNWMxMTU3ZSIsInR5cGUiOiJyZWZyZXNoIiwiaWF0IjoxNzc3MzM5OTIyLCJleHAiOjE3Nzc5NDQ3MjJ9.fFBmkAlj34QdptzZceg4Hi3C-oGi2RVP9smo39FJK5Q\",\"authenticated\":\"true\",\"csrfSecret\":\"6dPBxIhX6ERRWcmAuA4zumni\",\"csrfToken\":\"lQLrw5oO-jvZUqRLV_4hjbtCAg1FbkvzNx_Y\"}, Headers Auth: false","timestamp":"2026-04-28T01:41:58.800Z"}
{"level":"info","message":"GET /api/contact/info - 200 - 42ms","timestamp":"2026-04-28T01:41:58.836Z"}
{"level":"info","message":"GET /api/contact/messages - 200 - 105ms","timestamp":"2026-04-28T01:41:58.904Z"}
{"level":"info","message":"GET /uploads/contact/profileImage-1768544119186-466964741.jpeg - 200 - 32ms","timestamp":"2026-04-28T01:41:58.916Z"}
{"level":"debug","message":"Auth protect check - Cookies: {\"accessToken\":\"eyJhbGciOiJIUzI1NiIsInR5cCI6IkpXVCJ9.eyJpZCI6IjY5ZWYxMjllNDBhNWU2MWViNWMxMTU3ZSIsInJvbGUiOiJzdXBlcmFkbWluIiwidHlwZSI6ImFjY2VzcyIsImlhdCI6MTc3NzMzOTkyMiwiZXhwIjoxNzc3MzQwODIyfQ.UBC1JkTvNnr3f4KEGYz51dfpFnK1aXYbJgINAI9rc3Y\",\"refreshToken\":\"eyJhbGciOiJIUzI1NiIsInR5cCI6IkpXVCJ9.eyJpZCI6IjY5ZWYxMjllNDBhNWU2MWViNWMxMTU3ZSIsInR5cGUiOiJyZWZyZXNoIiwiaWF0IjoxNzc3MzM5OTIyLCJleHAiOjE3Nzc5NDQ3MjJ9.fFBmkAlj34QdptzZceg4Hi3C-oGi2RVP9smo39FJK5Q\",\"authenticated\":\"true\",\"csrfSecret\":\"6dPBxIhX6ERRWcmAuA4zumni\",\"csrfToken\":\"lQLrw5oO-jvZUqRLV_4hjbtCAg1FbkvzNx_Y\"}, Headers Auth: false","timestamp":"2026-04-28T01:41:58.952Z"}
{"level":"info","message":"GET /api/contact/messages - 200 - 33ms","timestamp":"2026-04-28T01:41:58.983Z"}
{"level":"debug","message":"Auth protect check - Cookies: {\"accessToken\":\"eyJhbGciOiJIUzI1NiIsInR5cCI6IkpXVCJ9.eyJpZCI6IjY5ZWYxMjllNDBhNWU2MWViNWMxMTU3ZSIsInJvbGUiOiJzdXBlcmFkbWluIiwidHlwZSI6ImFjY2VzcyIsImlhdCI6MTc3NzMzOTkyMiwiZXhwIjoxNzc3MzQwODIyfQ.UBC1JkTvNnr3f4KEGYz51dfpFnK1aXYbJgINAI9rc3Y\",\"refreshToken\":\"eyJhbGciOiJIUzI1NiIsInR5cCI6IkpXVCJ9.eyJpZCI6IjY5ZWYxMjllNDBhNWU2MWViNWMxMTU3ZSIsInR5cGUiOiJyZWZyZXNoIiwiaWF0IjoxNzc3MzM5OTIyLCJleHAiOjE3Nzc5NDQ3MjJ9.fFBmkAlj34QdptzZceg4Hi3C-oGi2RVP9smo39FJK5Q\",\"authenticated\":\"true\",\"csrfSecret\":\"6dPBxIhX6ERRWcmAuA4zumni\",\"csrfToken\":\"lQLrw5oO-jvZUqRLV_4hjbtCAg1FbkvzNx_Y\"}, Headers Auth: false","timestamp":"2026-04-28T01:42:01.541Z"}
{"level":"debug","message":"Auth protect check - Cookies: {\"accessToken\":\"eyJhbGciOiJIUzI1NiIsInR5cCI6IkpXVCJ9.eyJpZCI6IjY5ZWYxMjllNDBhNWU2MWViNWMxMTU3ZSIsInJvbGUiOiJzdXBlcmFkbWluIiwidHlwZSI6ImFjY2VzcyIsImlhdCI6MTc3NzMzOTkyMiwiZXhwIjoxNzc3MzQwODIyfQ.UBC1JkTvNnr3f4KEGYz51dfpFnK1aXYbJgINAI9rc3Y\",\"refreshToken\":\"eyJhbGciOiJIUzI1NiIsInR5cCI6IkpXVCJ9.eyJpZCI6IjY5ZWYxMjllNDBhNWU2MWViNWMxMTU3ZSIsInR5cGUiOiJyZWZyZXNoIiwiaWF0IjoxNzc3MzM5OTIyLCJleHAiOjE3Nzc5NDQ3MjJ9.fFBmkAlj34QdptzZceg4Hi3C-oGi2RVP9smo39FJK5Q\",\"authenticated\":\"true\",\"csrfSecret\":\"6dPBxIhX6ERRWcmAuA4zumni\",\"csrfToken\":\"lQLrw5oO-jvZUqRLV_4hjbtCAg1FbkvzNx_Y\"}, Headers Auth: false","timestamp":"2026-04-28T01:42:01.702Z"}
{"level":"info","message":"GET /api/admin/settings - 200 - 321ms","timestamp":"2026-04-28T01:42:01.862Z"}
{"level":"debug","message":"Auth protect check - Cookies: {\"accessToken\":\"eyJhbGciOiJIUzI1NiIsInR5cCI6IkpXVCJ9.eyJpZCI6IjY5ZWYxMjllNDBhNWU2MWViNWMxMTU3ZSIsInJvbGUiOiJzdXBlcmFkbWluIiwidHlwZSI6ImFjY2VzcyIsImlhdCI6MTc3NzMzOTkyMiwiZXhwIjoxNzc3MzQwODIyfQ.UBC1JkTvNnr3f4KEGYz51dfpFnK1aXYbJgINAI9rc3Y\",\"refreshToken\":\"eyJhbGciOiJIUzI1NiIsInR5cCI6IkpXVCJ9.eyJpZCI6IjY5ZWYxMjllNDBhNWU2MWViNWMxMTU3ZSIsInR5cGUiOiJyZWZyZXNoIiwiaWF0IjoxNzc3MzM5OTIyLCJleHAiOjE3Nzc5NDQ3MjJ9.fFBmkAlj34QdptzZceg4Hi3C-oGi2RVP9smo39FJK5Q\",\"authenticated\":\"true\",\"csrfSecret\":\"6dPBxIhX6ERRWcmAuA4zumni\",\"csrfToken\":\"lQLrw5oO-jvZUqRLV_4hjbtCAg1FbkvzNx_Y\"}, Headers Auth: false","timestamp":"2026-04-28T01:42:01.901Z"}
{"level":"debug","message":"Auth protect check - Cookies: {\"accessToken\":\"eyJhbGciOiJIUzI1NiIsInR5cCI6IkpXVCJ9.eyJpZCI6IjY5ZWYxMjllNDBhNWU2MWViNWMxMTU3ZSIsInJvbGUiOiJzdXBlcmFkbWluIiwidHlwZSI6ImFjY2VzcyIsImlhdCI6MTc3NzMzOTkyMiwiZXhwIjoxNzc3MzQwODIyfQ.UBC1JkTvNnr3f4KEGYz51dfpFnK1aXYbJgINAI9rc3Y\",\"refreshToken\":\"eyJhbGciOiJIUzI1NiIsInR5cCI6IkpXVCJ9.eyJpZCI6IjY5ZWYxMjllNDBhNWU2MWViNWMxMTU3ZSIsInR5cGUiOiJyZWZyZXNoIiwiaWF0IjoxNzc3MzM5OTIyLCJleHAiOjE3Nzc5NDQ3MjJ9.fFBmkAlj34QdptzZceg4Hi3C-oGi2RVP9smo39FJK5Q\",\"authenticated\":\"true\",\"csrfSecret\":\"6dPBxIhX6ERRWcmAuA4zumni\",\"csrfToken\":\"lQLrw5oO-jvZUqRLV_4hjbtCAg1FbkvzNx_Y\"}, Headers Auth: false","timestamp":"2026-04-28T01:42:02.067Z"}
{"level":"info","message":"GET /api/admin/settings - 200 - 572ms","timestamp":"2026-04-28T01:42:02.274Z"}
{"level":"info","message":"GET /api/admin/settings - 200 - 477ms","timestamp":"2026-04-28T01:42:02.393Z"}
{"level":"info","message":"GET /api/admin/settings - 200 - 355ms","timestamp":"2026-04-28T01:42:02.422Z"}
{"level":"debug","message":"Auth protect check - Cookies: {\"accessToken\":\"eyJhbGciOiJIUzI1NiIsInR5cCI6IkpXVCJ9.eyJpZCI6IjY5ZWYxMjllNDBhNWU2MWViNWMxMTU3ZSIsInJvbGUiOiJzdXBlcmFkbWluIiwidHlwZSI6ImFjY2VzcyIsImlhdCI6MTc3NzMzOTkyMiwiZXhwIjoxNzc3MzQwODIyfQ.UBC1JkTvNnr3f4KEGYz51dfpFnK1aXYbJgINAI9rc3Y\",\"refreshToken\":\"eyJhbGciOiJIUzI1NiIsInR5cCI6IkpXVCJ9.eyJpZCI6IjY5ZWYxMjllNDBhNWU2MWViNWMxMTU3ZSIsInR5cGUiOiJyZWZyZXNoIiwiaWF0IjoxNzc3MzM5OTIyLCJleHAiOjE3Nzc5NDQ3MjJ9.fFBmkAlj34QdptzZceg4Hi3C-oGi2RVP9smo39FJK5Q\",\"authenticated\":\"true\",\"csrfSecret\":\"6dPBxIhX6ERRWcmAuA4zumni\",\"csrfToken\":\"lQLrw5oO-jvZUqRLV_4hjbtCAg1FbkvzNx_Y\"}, Headers Auth: false","timestamp":"2026-04-28T01:42:04.136Z"}
{"level":"info","message":"GET /api/admin/all-admins?page=1&limit=10&search=&sortBy=newest - 200 - 24ms","timestamp":"2026-04-28T01:42:04.159Z"}
{"level":"debug","message":"Auth protect check - Cookies: {\"accessToken\":\"eyJhbGciOiJIUzI1NiIsInR5cCI6IkpXVCJ9.eyJpZCI6IjY5ZWYxMjllNDBhNWU2MWViNWMxMTU3ZSIsInJvbGUiOiJzdXBlcmFkbWluIiwidHlwZSI6ImFjY2VzcyIsImlhdCI6MTc3NzMzOTkyMiwiZXhwIjoxNzc3MzQwODIyfQ.UBC1JkTvNnr3f4KEGYz51dfpFnK1aXYbJgINAI9rc3Y\",\"refreshToken\":\"eyJhbGciOiJIUzI1NiIsInR5cCI6IkpXVCJ9.eyJpZCI6IjY5ZWYxMjllNDBhNWU2MWViNWMxMTU3ZSIsInR5cGUiOiJyZWZyZXNoIiwiaWF0IjoxNzc3MzM5OTIyLCJleHAiOjE3Nzc5NDQ3MjJ9.fFBmkAlj34QdptzZceg4Hi3C-oGi2RVP9smo39FJK5Q\",\"authenticated\":\"true\",\"csrfSecret\":\"6dPBxIhX6ERRWcmAuA4zumni\",\"csrfToken\":\"lQLrw5oO-jvZUqRLV_4hjbtCAg1FbkvzNx_Y\"}, Headers Auth: false","timestamp":"2026-04-28T01:42:04.174Z"}
{"level":"info","message":"GET /api/admin/all-admins?page=1&limit=10&search=&sortBy=newest - 200 - 33ms","timestamp":"2026-04-28T01:42:04.206Z"}
{"level":"debug","message":"Auth protect check - Cookies: {\"accessToken\":\"eyJhbGciOiJIUzI1NiIsInR5cCI6IkpXVCJ9.eyJpZCI6IjY5ZWYxMjllNDBhNWU2MWViNWMxMTU3ZSIsInJvbGUiOiJzdXBlcmFkbWluIiwidHlwZSI6ImFjY2VzcyIsImlhdCI6MTc3NzMzOTkyMiwiZXhwIjoxNzc3MzQwODIyfQ.UBC1JkTvNnr3f4KEGYz51dfpFnK1aXYbJgINAI9rc3Y\",\"refreshToken\":\"eyJhbGciOiJIUzI1NiIsInR5cCI6IkpXVCJ9.eyJpZCI6IjY5ZWYxMjllNDBhNWU2MWViNWMxMTU3ZSIsInR5cGUiOiJyZWZyZXNoIiwiaWF0IjoxNzc3MzM5OTIyLCJleHAiOjE3Nzc5NDQ3MjJ9.fFBmkAlj34QdptzZceg4Hi3C-oGi2RVP9smo39FJK5Q\",\"authenticated\":\"true\",\"csrfSecret\":\"6dPBxIhX6ERRWcmAuA4zumni\",\"csrfToken\":\"lQLrw5oO-jvZUqRLV_4hjbtCAg1FbkvzNx_Y\"}, Headers Auth: false","timestamp":"2026-04-28T01:42:04.223Z"}
{"level":"info","message":"GET /api/admin/all-admins?page=1&limit=10&search=&sortBy=newest - 200 - 78ms","timestamp":"2026-04-28T01:42:04.300Z"}
{"level":"debug","message":"Auth protect check - Cookies: {\"accessToken\":\"eyJhbGciOiJIUzI1NiIsInR5cCI6IkpXVCJ9.eyJpZCI6IjY5ZWYxMjllNDBhNWU2MWViNWMxMTU3ZSIsInJvbGUiOiJzdXBlcmFkbWluIiwidHlwZSI6ImFjY2VzcyIsImlhdCI6MTc3NzMzOTkyMiwiZXhwIjoxNzc3MzQwODIyfQ.UBC1JkTvNnr3f4KEGYz51dfpFnK1aXYbJgINAI9rc3Y\",\"refreshToken\":\"eyJhbGciOiJIUzI1NiIsInR5cCI6IkpXVCJ9.eyJpZCI6IjY5ZWYxMjllNDBhNWU2MWViNWMxMTU3ZSIsInR5cGUiOiJyZWZyZXNoIiwiaWF0IjoxNzc3MzM5OTIyLCJleHAiOjE3Nzc5NDQ3MjJ9.fFBmkAlj34QdptzZceg4Hi3C-oGi2RVP9smo39FJK5Q\",\"authenticated\":\"true\",\"csrfSecret\":\"6dPBxIhX6ERRWcmAuA4zumni\",\"csrfToken\":\"lQLrw5oO-jvZUqRLV_4hjbtCAg1FbkvzNx_Y\"}, Headers Auth: false","timestamp":"2026-04-28T01:42:04.320Z"}
{"level":"info","message":"GET /api/admin/all-admins?page=1&limit=10&search=&sortBy=newest - 200 - 57ms","timestamp":"2026-04-28T01:42:04.376Z"}
{"level":"debug","message":"Auth protect check - Cookies: {\"accessToken\":\"eyJhbGciOiJIUzI1NiIsInR5cCI6IkpXVCJ9.eyJpZCI6IjY5ZWYxMjllNDBhNWU2MWViNWMxMTU3ZSIsInJvbGUiOiJzdXBlcmFkbWluIiwidHlwZSI6ImFjY2VzcyIsImlhdCI6MTc3NzMzOTkyMiwiZXhwIjoxNzc3MzQwODIyfQ.UBC1JkTvNnr3f4KEGYz51dfpFnK1aXYbJgINAI9rc3Y\",\"refreshToken\":\"eyJhbGciOiJIUzI1NiIsInR5cCI6IkpXVCJ9.eyJpZCI6IjY5ZWYxMjllNDBhNWU2MWViNWMxMTU3ZSIsInR5cGUiOiJyZWZyZXNoIiwiaWF0IjoxNzc3MzM5OTIyLCJleHAiOjE3Nzc5NDQ3MjJ9.fFBmkAlj34QdptzZceg4Hi3C-oGi2RVP9smo39FJK5Q\",\"authenticated\":\"true\",\"csrfSecret\":\"6dPBxIhX6ERRWcmAuA4zumni\",\"csrfToken\":\"lQLrw5oO-jvZUqRLV_4hjbtCAg1FbkvzNx_Y\"}, Headers Auth: false","timestamp":"2026-04-28T01:42:07.153Z"}
{"level":"debug","message":"Auth protect check - Cookies: {\"accessToken\":\"eyJhbGciOiJIUzI1NiIsInR5cCI6IkpXVCJ9.eyJpZCI6IjY5ZWYxMjllNDBhNWU2MWViNWMxMTU3ZSIsInJvbGUiOiJzdXBlcmFkbWluIiwidHlwZSI6ImFjY2VzcyIsImlhdCI6MTc3NzMzOTkyMiwiZXhwIjoxNzc3MzQwODIyfQ.UBC1JkTvNnr3f4KEGYz51dfpFnK1aXYbJgINAI9rc3Y\",\"refreshToken\":\"eyJhbGciOiJIUzI1NiIsInR5cCI6IkpXVCJ9.eyJpZCI6IjY5ZWYxMjllNDBhNWU2MWViNWMxMTU3ZSIsInR5cGUiOiJyZWZyZXNoIiwiaWF0IjoxNzc3MzM5OTIyLCJleHAiOjE3Nzc5NDQ3MjJ9.fFBmkAlj34QdptzZceg4Hi3C-oGi2RVP9smo39FJK5Q\",\"authenticated\":\"true\",\"csrfSecret\":\"6dPBxIhX6ERRWcmAuA4zumni\",\"csrfToken\":\"lQLrw5oO-jvZUqRLV_4hjbtCAg1FbkvzNx_Y\"}, Headers Auth: false","timestamp":"2026-04-28T01:42:07.278Z"}
{"level":"info","message":"GET /api/admin/settings - 200 - 303ms","timestamp":"2026-04-28T01:42:07.456Z"}
{"level":"debug","message":"Auth protect check - Cookies: {\"accessToken\":\"eyJhbGciOiJIUzI1NiIsInR5cCI6IkpXVCJ9.eyJpZCI6IjY5ZWYxMjllNDBhNWU2MWViNWMxMTU3ZSIsInJvbGUiOiJzdXBlcmFkbWluIiwidHlwZSI6ImFjY2VzcyIsImlhdCI6MTc3NzMzOTkyMiwiZXhwIjoxNzc3MzQwODIyfQ.UBC1JkTvNnr3f4KEGYz51dfpFnK1aXYbJgINAI9rc3Y\",\"refreshToken\":\"eyJhbGciOiJIUzI1NiIsInR5cCI6IkpXVCJ9.eyJpZCI6IjY5ZWYxMjllNDBhNWU2MWViNWMxMTU3ZSIsInR5cGUiOiJyZWZyZXNoIiwiaWF0IjoxNzc3MzM5OTIyLCJleHAiOjE3Nzc5NDQ3MjJ9.fFBmkAlj34QdptzZceg4Hi3C-oGi2RVP9smo39FJK5Q\",\"authenticated\":\"true\",\"csrfSecret\":\"6dPBxIhX6ERRWcmAuA4zumni\",\"csrfToken\":\"lQLrw5oO-jvZUqRLV_4hjbtCAg1FbkvzNx_Y\"}, Headers Auth: false","timestamp":"2026-04-28T01:42:07.498Z"}
{"level":"debug","message":"Auth protect check - Cookies: {\"accessToken\":\"eyJhbGciOiJIUzI1NiIsInR5cCI6IkpXVCJ9.eyJpZCI6IjY5ZWYxMjllNDBhNWU2MWViNWMxMTU3ZSIsInJvbGUiOiJzdXBlcmFkbWluIiwidHlwZSI6ImFjY2VzcyIsImlhdCI6MTc3NzMzOTkyMiwiZXhwIjoxNzc3MzQwODIyfQ.UBC1JkTvNnr3f4KEGYz51dfpFnK1aXYbJgINAI9rc3Y\",\"refreshToken\":\"eyJhbGciOiJIUzI1NiIsInR5cCI6IkpXVCJ9.eyJpZCI6IjY5ZWYxMjllNDBhNWU2MWViNWMxMTU3ZSIsInR5cGUiOiJyZWZyZXNoIiwiaWF0IjoxNzc3MzM5OTIyLCJleHAiOjE3Nzc5NDQ3MjJ9.fFBmkAlj34QdptzZceg4Hi3C-oGi2RVP9smo39FJK5Q\",\"authenticated\":\"true\",\"csrfSecret\":\"6dPBxIhX6ERRWcmAuA4zumni\",\"csrfToken\":\"lQLrw5oO-jvZUqRLV_4hjbtCAg1FbkvzNx_Y\"}, Headers Auth: false","timestamp":"2026-04-28T01:42:07.719Z"}
{"level":"info","message":"GET /api/admin/settings - 200 - 744ms","timestamp":"2026-04-28T01:42:08.021Z"}
{"level":"info","message":"GET /api/admin/settings - 200 - 618ms","timestamp":"2026-04-28T01:42:08.116Z"}
{"level":"info","message":"GET /api/admin/settings - 200 - 428ms","timestamp":"2026-04-28T01:42:08.147Z"}
{"level":"info","message":"🧹 Cleanup complete: 2 tokens removed, 0 locks reset, 0 unverified users cleaned","timestamp":"2026-04-28T02:25:11.309Z"}
{"level":"info","message":"🧹 Cleanup complete: 2 tokens removed, 0 locks reset, 0 unverified users cleaned","timestamp":"2026-04-28T03:25:11.251Z"}
{"level":"info","message":"✅ Socket service initialized","timestamp":"2026-04-28T07:31:37.987Z"}
{"level":"info","message":"✅ Security middleware applied with enhanced protection","timestamp":"2026-04-28T07:31:38.055Z"}
{"level":"info","message":"🚀 Server running in development mode on port 5001","timestamp":"2026-04-28T07:31:38.080Z"}
{"level":"info","message":"✅ MongoDB Connected: 127.0.0.1","timestamp":"2026-04-28T07:31:38.149Z"}
{"level":"info","message":"📁 Database Name: mohan","timestamp":"2026-04-28T07:31:38.155Z"}
{"level":"info","message":"🔗 Connection URI: mongodb://127.0.0.1:27017/mohan","timestamp":"2026-04-28T07:31:38.156Z"}
{"level":"info","message":"✅ Token cleanup job started...","timestamp":"2026-04-28T07:31:38.157Z"}
{"level":"info","message":"🧹 Cleanup complete: 2 tokens removed, 0 locks reset, 0 unverified users cleaned","timestamp":"2026-04-28T07:31:38.392Z"}
{"level":"error","message":"\n❌ GMAIL AUTHENTICATION FAILED:","timestamp":"2026-04-28T07:31:39.659Z"}
{"level":"error","message":"   Your App Password was rejected by Google.","timestamp":"2026-04-28T07:31:39.661Z"}
{"level":"error","message":"   Please generate a NEW App Password: https://myaccount.google.com/apppasswords","timestamp":"2026-04-28T07:31:39.662Z"}
{"level":"error","message":"   Ensure 2-Step Verification is ENABLED first.\n","timestamp":"2026-04-28T07:31:39.664Z"}
{"level":"info","message":"✅ Socket service initialized","timestamp":"2026-04-28T07:36:11.010Z"}
{"level":"info","message":"✅ Security middleware applied with enhanced protection","timestamp":"2026-04-28T07:36:11.047Z"}
{"level":"info","message":"🚀 Server running in development mode on port 5001","timestamp":"2026-04-28T07:36:11.062Z"}
{"level":"info","message":"✅ MongoDB Connected: 127.0.0.1","timestamp":"2026-04-28T07:36:11.113Z"}
{"level":"info","message":"📁 Database Name: mohan","timestamp":"2026-04-28T07:36:11.114Z"}
{"level":"info","message":"🔗 Connection URI: mongodb://127.0.0.1:27017/mohan","timestamp":"2026-04-28T07:36:11.116Z"}
{"level":"info","message":"✅ Token cleanup job started...","timestamp":"2026-04-28T07:36:11.117Z"}
{"level":"info","message":"🧹 Cleanup complete: 2 tokens removed, 0 locks reset, 0 unverified users cleaned","timestamp":"2026-04-28T07:36:11.294Z"}
{"level":"error","message":"\n❌ GMAIL AUTHENTICATION FAILED:","timestamp":"2026-04-28T07:36:12.734Z"}
{"level":"error","message":"   Your App Password was rejected by Google.","timestamp":"2026-04-28T07:36:12.735Z"}
{"level":"error","message":"   Please generate a NEW App Password: https://myaccount.google.com/apppasswords","timestamp":"2026-04-28T07:36:12.736Z"}
{"level":"error","message":"   Ensure 2-Step Verification is ENABLED first.\n","timestamp":"2026-04-28T07:36:12.737Z"}
{"level":"info","message":"GET /api/gallery/categories?lang=np - 200 - 98ms","timestamp":"2026-04-28T07:37:49.096Z"}
{"level":"info","message":"GET /api/gallery/categories?lang=np - 200 - 7ms","timestamp":"2026-04-28T07:37:49.118Z"}
{"level":"info","message":"GET /api/hero?lang=ne - 200 - 112ms","timestamp":"2026-04-28T07:37:49.125Z"}
{"level":"info","message":"GET /api/hero?lang=ne - 200 - 104ms","timestamp":"2026-04-28T07:37:49.129Z"}
{"level":"info","message":"GET /api/gallery?lang=np - 200 - 115ms","timestamp":"2026-04-28T07:37:49.135Z"}
{"level":"info","message":"GET /api/gallery?lang=np - 200 - 19ms","timestamp":"2026-04-28T07:37:49.169Z"}
{"level":"info","message":"GET /uploads/gallery/gallery-1773394335040-438647233.jpg - 200 - 91ms","timestamp":"2026-04-28T07:37:49.533Z"}
{"level":"info","message":"GET /uploads/gallery/gallery-1773394427574-941263277.jpg - 200 - 143ms","timestamp":"2026-04-28T07:37:49.581Z"}
{"level":"info","message":"GET /uploads/gallery/gallery-1773394549713-790365835.jpg - 200 - 171ms","timestamp":"2026-04-28T07:37:49.601Z"}
{"level":"info","message":"GET /api/gallery/categories?lang=np - 200 - 14ms","timestamp":"2026-04-28T07:38:40.432Z"}
{"level":"info","message":"GET /api/gallery?lang=np - 200 - 39ms","timestamp":"2026-04-28T07:38:40.464Z"}
{"level":"info","message":"GET /api/hero?lang=ne - 200 - 77ms","timestamp":"2026-04-28T07:38:40.499Z"}
{"level":"info","message":"GET /api/hero?lang=ne - 200 - 77ms","timestamp":"2026-04-28T07:38:40.505Z"}
{"level":"info","message":"GET /api/gallery/categories?lang=np - 200 - 10ms","timestamp":"2026-04-28T07:38:40.521Z"}
{"level":"info","message":"GET /api/gallery?lang=np - 200 - 51ms","timestamp":"2026-04-28T07:38:40.565Z"}
{"level":"info","message":"GET /uploads/gallery/gallery-1773394335040-438647233.jpg - 200 - 13ms","timestamp":"2026-04-28T07:38:40.644Z"}
{"level":"info","message":"GET /uploads/gallery/gallery-1773394427574-941263277.jpg - 200 - 27ms","timestamp":"2026-04-28T07:38:40.657Z"}
{"level":"info","message":"GET /uploads/gallery/gallery-1773394549713-790365835.jpg - 200 - 49ms","timestamp":"2026-04-28T07:38:40.678Z"}
{"level":"info","message":"✅ Socket service initialized","timestamp":"2026-04-28T07:39:45.820Z"}
{"level":"info","message":"✅ Security middleware applied with enhanced protection","timestamp":"2026-04-28T07:39:45.850Z"}
{"level":"info","message":"🚀 Server running in development mode on port 5001","timestamp":"2026-04-28T07:39:45.858Z"}
{"level":"info","message":"✅ MongoDB Connected: 127.0.0.1","timestamp":"2026-04-28T07:39:45.894Z"}
{"level":"info","message":"📁 Database Name: mohan","timestamp":"2026-04-28T07:39:45.895Z"}
{"level":"info","message":"🔗 Connection URI: mongodb://127.0.0.1:27017/mohan","timestamp":"2026-04-28T07:39:45.895Z"}
{"level":"info","message":"✅ Token cleanup job started...","timestamp":"2026-04-28T07:39:45.897Z"}
{"level":"info","message":"🧹 Cleanup complete: 2 tokens removed, 0 locks reset, 0 unverified users cleaned","timestamp":"2026-04-28T07:39:45.987Z"}
{"level":"error","message":"\n❌ GMAIL AUTHENTICATION FAILED:","timestamp":"2026-04-28T07:39:47.231Z"}
{"level":"error","message":"   Your App Password was rejected by Google.","timestamp":"2026-04-28T07:39:47.232Z"}
{"level":"error","message":"   Please generate a NEW App Password: https://myaccount.google.com/apppasswords","timestamp":"2026-04-28T07:39:47.233Z"}
{"level":"error","message":"   Ensure 2-Step Verification is ENABLED first.\n","timestamp":"2026-04-28T07:39:47.235Z"}
{"level":"info","message":"✅ Socket service initialized","timestamp":"2026-04-28T07:40:20.154Z"}
{"level":"info","message":"✅ Security middleware applied with enhanced protection","timestamp":"2026-04-28T07:40:20.189Z"}
{"level":"info","message":"🚀 Server running in development mode on port 5001","timestamp":"2026-04-28T07:40:20.197Z"}
{"level":"info","message":"✅ MongoDB Connected: 127.0.0.1","timestamp":"2026-04-28T07:40:20.252Z"}
{"level":"info","message":"📁 Database Name: mohan","timestamp":"2026-04-28T07:40:20.254Z"}
{"level":"info","message":"🔗 Connection URI: mongodb://127.0.0.1:27017/mohan","timestamp":"2026-04-28T07:40:20.255Z"}
{"level":"info","message":"✅ Token cleanup job started...","timestamp":"2026-04-28T07:40:20.256Z"}
{"level":"info","message":"🧹 Cleanup complete: 2 tokens removed, 0 locks reset, 0 unverified users cleaned","timestamp":"2026-04-28T07:40:20.400Z"}
{"level":"error","message":"\n❌ GMAIL AUTHENTICATION FAILED:","timestamp":"2026-04-28T07:40:21.574Z"}
{"level":"error","message":"   Your App Password was rejected by Google.","timestamp":"2026-04-28T07:40:21.575Z"}
{"level":"error","message":"   Please generate a NEW App Password: https://myaccount.google.com/apppasswords","timestamp":"2026-04-28T07:40:21.576Z"}
{"level":"error","message":"   Ensure 2-Step Verification is ENABLED first.\n","timestamp":"2026-04-28T07:40:21.576Z"}
{"level":"info","message":"👋 SIGINT received. Shutting down...","timestamp":"2026-04-28T07:40:48.079Z"}
{"level":"info","message":"✅ Socket service initialized","timestamp":"2026-04-28T07:40:55.877Z"}
{"level":"info","message":"✅ Security middleware applied with enhanced protection","timestamp":"2026-04-28T07:40:55.911Z"}
{"level":"info","message":"🚀 Server running in development mode on port 5001","timestamp":"2026-04-28T07:40:55.921Z"}
{"level":"info","message":"✅ MongoDB Connected: 127.0.0.1","timestamp":"2026-04-28T07:40:55.977Z"}
{"level":"info","message":"📁 Database Name: mohan","timestamp":"2026-04-28T07:40:55.979Z"}
{"level":"info","message":"🔗 Connection URI: mongodb://127.0.0.1:27017/mohan","timestamp":"2026-04-28T07:40:55.980Z"}
{"level":"info","message":"✅ Token cleanup job started...","timestamp":"2026-04-28T07:40:55.981Z"}
{"level":"info","message":"🧹 Cleanup complete: 2 tokens removed, 0 locks reset, 0 unverified users cleaned","timestamp":"2026-04-28T07:40:56.095Z"}
{"level":"error","message":"\n❌ GMAIL AUTHENTICATION FAILED:","timestamp":"2026-04-28T07:40:57.241Z"}
{"level":"error","message":"   Your App Password was rejected by Google.","timestamp":"2026-04-28T07:40:57.243Z"}
{"level":"error","message":"   Please generate a NEW App Password: https://myaccount.google.com/apppasswords","timestamp":"2026-04-28T07:40:57.243Z"}
{"level":"error","message":"   Ensure 2-Step Verification is ENABLED first.\n","timestamp":"2026-04-28T07:40:57.244Z"}
{"level":"info","message":"GET /api/gallery/categories?lang=np - 200 - 40ms","timestamp":"2026-04-28T07:42:55.815Z"}
{"level":"info","message":"GET /api/hero?lang=ne - 200 - 100ms","timestamp":"2026-04-28T07:42:55.860Z"}
{"level":"info","message":"GET /api/gallery/categories?lang=np - 200 - 34ms","timestamp":"2026-04-28T07:42:55.870Z"}
{"level":"info","message":"GET /api/hero?lang=ne - 200 - 74ms","timestamp":"2026-04-28T07:42:55.894Z"}
{"level":"info","message":"GET /api/gallery?lang=np - 200 - 92ms","timestamp":"2026-04-28T07:42:55.917Z"}
{"level":"info","message":"GET /api/gallery?lang=np - 200 - 12ms","timestamp":"2026-04-28T07:42:55.943Z"}
{"level":"info","message":"GET /uploads/gallery/gallery-1773394335040-438647233.jpg - 200 - 14ms","timestamp":"2026-04-28T07:42:56.136Z"}
{"level":"info","message":"GET /uploads/gallery/gallery-1773394427574-941263277.jpg - 200 - 29ms","timestamp":"2026-04-28T07:42:56.150Z"}
{"level":"info","message":"GET /uploads/gallery/gallery-1773394549713-790365835.jpg - 200 - 51ms","timestamp":"2026-04-28T07:42:56.169Z"}
