{"level":"info","message":"✅ Socket service initialized","timestamp":"2026-04-27T07:26:42.712Z"}
{"level":"info","message":"✅ Security middleware applied with enhanced protection","timestamp":"2026-04-27T07:26:42.750Z"}
{"level":"info","message":"🚀 Server running in development mode on port 5001","timestamp":"2026-04-27T07:26:42.764Z"}
{"level":"info","message":"✅ MongoDB Connected: 127.0.0.1","timestamp":"2026-04-27T07:26:42.844Z"}
{"level":"info","message":"📁 Database Name: mohan","timestamp":"2026-04-27T07:26:42.845Z"}
{"level":"info","message":"🔗 Connection URI: mongodb://127.0.0.1:27017/mohan","timestamp":"2026-04-27T07:26:42.845Z"}
{"level":"info","message":"✅ Token cleanup job started...","timestamp":"2026-04-27T07:26:42.846Z"}
{"level":"info","message":"🧹 Cleanup complete: 1 tokens removed, 0 locks reset, 0 unverified users cleaned","timestamp":"2026-04-27T07:26:43.054Z"}
{"level":"error","message":"\n❌ GMAIL AUTHENTICATION FAILED:","timestamp":"2026-04-27T07:26:44.149Z"}
{"level":"error","message":"   Your App Password was rejected by Google.","timestamp":"2026-04-27T07:26:44.151Z"}
{"level":"error","message":"   Please generate a NEW App Password: https://myaccount.google.com/apppasswords","timestamp":"2026-04-27T07:26:44.152Z"}
{"level":"error","message":"   Ensure 2-Step Verification is ENABLED first.\n","timestamp":"2026-04-27T07:26:44.152Z"}
{"level":"info","message":"👋 SIGINT received. Shutting down...","timestamp":"2026-04-27T07:27:41.549Z"}
{"level":"info","message":"✅ Socket service initialized","timestamp":"2026-04-27T07:28:20.335Z"}
{"level":"info","message":"✅ Security middleware applied with enhanced protection","timestamp":"2026-04-27T07:28:20.364Z"}
{"level":"info","message":"🚀 Server running in development mode on port 5001","timestamp":"2026-04-27T07:28:20.380Z"}
{"level":"info","message":"✅ MongoDB Connected: 127.0.0.1","timestamp":"2026-04-27T07:28:20.433Z"}
{"level":"info","message":"📁 Database Name: mohan","timestamp":"2026-04-27T07:28:20.436Z"}
{"level":"info","message":"🔗 Connection URI: mongodb://127.0.0.1:27017/mohan","timestamp":"2026-04-27T07:28:20.437Z"}
{"level":"info","message":"✅ Token cleanup job started...","timestamp":"2026-04-27T07:28:20.439Z"}
{"level":"info","message":"🧹 Cleanup complete: 1 tokens removed, 0 locks reset, 0 unverified users cleaned","timestamp":"2026-04-27T07:28:20.543Z"}
{"level":"error","message":"\n❌ GMAIL AUTHENTICATION FAILED:","timestamp":"2026-04-27T07:28:21.643Z"}
{"level":"error","message":"   Your App Password was rejected by Google.","timestamp":"2026-04-27T07:28:21.644Z"}
{"level":"error","message":"   Please generate a NEW App Password: https://myaccount.google.com/apppasswords","timestamp":"2026-04-27T07:28:21.645Z"}
{"level":"error","message":"   Ensure 2-Step Verification is ENABLED first.\n","timestamp":"2026-04-27T07:28:21.646Z"}
{"level":"info","message":"GET /api/auth/me - 200 - 44ms","timestamp":"2026-04-27T07:28:45.233Z"}
{"level":"info","message":"GET /api/auth/me - 200 - 6ms","timestamp":"2026-04-27T07:28:45.406Z"}
{"level":"info","message":"GET /api/gallery/categories?lang=np - 200 - 128ms","timestamp":"2026-04-27T07:28:45.698Z"}
{"level":"info","message":"GET /api/hero?lang=ne - 200 - 123ms","timestamp":"2026-04-27T07:28:45.704Z"}
{"level":"info","message":"GET /api/hero?lang=ne - 200 - 146ms","timestamp":"2026-04-27T07:28:45.710Z"}
{"level":"info","message":"GET /api/gallery?lang=np - 200 - 141ms","timestamp":"2026-04-27T07:28:45.718Z"}
{"level":"info","message":"GET /api/gallery/categories?lang=np - 200 - 8ms","timestamp":"2026-04-27T07:28:45.722Z"}
{"level":"info","message":"GET /api/gallery?lang=np - 200 - 18ms","timestamp":"2026-04-27T07:28:45.754Z"}
{"level":"info","message":"GET /uploads/gallery/gallery-1773394335040-438647233.jpg - 200 - 55ms","timestamp":"2026-04-27T07:28:46.252Z"}
{"level":"info","message":"GET /uploads/gallery/gallery-1773394427574-941263277.jpg - 200 - 289ms","timestamp":"2026-04-27T07:28:46.383Z"}
{"level":"info","message":"GET /uploads/gallery/gallery-1773394549713-790365835.jpg - 200 - 377ms","timestamp":"2026-04-27T07:28:46.433Z"}
{"level":"info","message":"GET /api/projects?lang=np - 200 - 23ms","timestamp":"2026-04-27T07:28:56.643Z"}
{"level":"error","message":"CastError: Cast to ObjectId failed for value \"categories\" (type string) at path \"_id\" for model \"Project\"\n    at SchemaObjectId.cast (D:\\backup\\mohanfinal\\backend\\node_modules\\mongoose\\lib\\schema\\objectId.js:253:11)\n    at SchemaType.applySetters (D:\\backup\\mohanfinal\\backend\\node_modules\\mongoose\\lib\\schemaType.js:1280:12)\n    at SchemaType.castForQuery (D:\\backup\\mohanfinal\\backend\\node_modules\\mongoose\\lib\\schemaType.js:1706:17)\n    at cast (D:\\backup\\mohanfinal\\backend\\node_modules\\mongoose\\lib\\cast.js:386:32)\n    at Query.cast (D:\\backup\\mohanfinal\\backend\\node_modules\\mongoose\\lib\\query.js:5025:12)\n    at Query._castConditions (D:\\backup\\mohanfinal\\backend\\node_modules\\mongoose\\lib\\query.js:2374:10)\n    at model.Query._findOne (D:\\backup\\mohanfinal\\backend\\node_modules\\mongoose\\lib\\query.js:2704:8)\n    at model.Query.exec (D:\\backup\\mohanfinal\\backend\\node_modules\\mongoose\\lib\\query.js:4637:80)\n    at process.processTicksAndRejections (node:internal/process/task_queues:103:5)\n    at async D:\\backup\\mohanfinal\\backend\\controllers\\projectController.js:48:19","timestamp":"2026-04-27T07:28:56.710Z"}
{"level":"warn","message":"GET /api/projects/categories - 400 - 39ms","timestamp":"2026-04-27T07:28:56.743Z"}
{"level":"error","message":"CastError: Cast to ObjectId failed for value \"stats\" (type string) at path \"_id\" for model \"Project\"\n    at SchemaObjectId.cast (D:\\backup\\mohanfinal\\backend\\node_modules\\mongoose\\lib\\schema\\objectId.js:253:11)\n    at SchemaType.applySetters (D:\\backup\\mohanfinal\\backend\\node_modules\\mongoose\\lib\\schemaType.js:1280:12)\n    at SchemaType.castForQuery (D:\\backup\\mohanfinal\\backend\\node_modules\\mongoose\\lib\\schemaType.js:1706:17)\n    at cast (D:\\backup\\mohanfinal\\backend\\node_modules\\mongoose\\lib\\cast.js:386:32)\n    at Query.cast (D:\\backup\\mohanfinal\\backend\\node_modules\\mongoose\\lib\\query.js:5025:12)\n    at Query._castConditions (D:\\backup\\mohanfinal\\backend\\node_modules\\mongoose\\lib\\query.js:2374:10)\n    at model.Query._findOne (D:\\backup\\mohanfinal\\backend\\node_modules\\mongoose\\lib\\query.js:2704:8)\n    at model.Query.exec (D:\\backup\\mohanfinal\\backend\\node_modules\\mongoose\\lib\\query.js:4637:80)\n    at process.processTicksAndRejections (node:internal/process/task_queues:103:5)\n    at async D:\\backup\\mohanfinal\\backend\\controllers\\projectController.js:48:19","timestamp":"2026-04-27T07:28:56.752Z"}
{"level":"warn","message":"GET /api/projects/stats - 400 - 25ms","timestamp":"2026-04-27T07:28:56.771Z"}
{"level":"info","message":"GET /api/projects?lang=np - 200 - 135ms","timestamp":"2026-04-27T07:28:56.835Z"}
{"level":"info","message":"GET /uploads/projects/project-1767930037398-565248032.png - 200 - 28ms","timestamp":"2026-04-27T07:28:56.896Z"}
{"level":"error","message":"CastError: Cast to ObjectId failed for value \"categories\" (type string) at path \"_id\" for model \"Project\"\n    at SchemaObjectId.cast (D:\\backup\\mohanfinal\\backend\\node_modules\\mongoose\\lib\\schema\\objectId.js:253:11)\n    at SchemaType.applySetters (D:\\backup\\mohanfinal\\backend\\node_modules\\mongoose\\lib\\schemaType.js:1280:12)\n    at SchemaType.castForQuery (D:\\backup\\mohanfinal\\backend\\node_modules\\mongoose\\lib\\schemaType.js:1706:17)\n    at cast (D:\\backup\\mohanfinal\\backend\\node_modules\\mongoose\\lib\\cast.js:386:32)\n    at Query.cast (D:\\backup\\mohanfinal\\backend\\node_modules\\mongoose\\lib\\query.js:5025:12)\n    at Query._castConditions (D:\\backup\\mohanfinal\\backend\\node_modules\\mongoose\\lib\\query.js:2374:10)\n    at model.Query._findOne (D:\\backup\\mohanfinal\\backend\\node_modules\\mongoose\\lib\\query.js:2704:8)\n    at model.Query.exec (D:\\backup\\mohanfinal\\backend\\node_modules\\mongoose\\lib\\query.js:4637:80)\n    at process.processTicksAndRejections (node:internal/process/task_queues:103:5)\n    at async D:\\backup\\mohanfinal\\backend\\controllers\\projectController.js:48:19","timestamp":"2026-04-27T07:28:56.935Z"}
{"level":"warn","message":"GET /api/projects/categories - 400 - 26ms","timestamp":"2026-04-27T07:28:56.959Z"}
{"level":"error","message":"CastError: Cast to ObjectId failed for value \"stats\" (type string) at path \"_id\" for model \"Project\"\n    at SchemaObjectId.cast (D:\\backup\\mohanfinal\\backend\\node_modules\\mongoose\\lib\\schema\\objectId.js:253:11)\n    at SchemaType.applySetters (D:\\backup\\mohanfinal\\backend\\node_modules\\mongoose\\lib\\schemaType.js:1280:12)\n    at SchemaType.castForQuery (D:\\backup\\mohanfinal\\backend\\node_modules\\mongoose\\lib\\schemaType.js:1706:17)\n    at cast (D:\\backup\\mohanfinal\\backend\\node_modules\\mongoose\\lib\\cast.js:386:32)\n    at Query.cast (D:\\backup\\mohanfinal\\backend\\node_modules\\mongoose\\lib\\query.js:5025:12)\n    at Query._castConditions (D:\\backup\\mohanfinal\\backend\\node_modules\\mongoose\\lib\\query.js:2374:10)\n    at model.Query._findOne (D:\\backup\\mohanfinal\\backend\\node_modules\\mongoose\\lib\\query.js:2704:8)\n    at model.Query.exec (D:\\backup\\mohanfinal\\backend\\node_modules\\mongoose\\lib\\query.js:4637:80)\n    at process.processTicksAndRejections (node:internal/process/task_queues:103:5)\n    at async D:\\backup\\mohanfinal\\backend\\controllers\\projectController.js:48:19","timestamp":"2026-04-27T07:28:56.974Z"}
{"level":"warn","message":"GET /api/projects/stats - 400 - 23ms","timestamp":"2026-04-27T07:28:56.995Z"}
{"level":"info","message":"GET /api/gallery/categories?lang=np - 200 - 7ms","timestamp":"2026-04-27T07:29:01.184Z"}
{"level":"info","message":"GET /api/gallery?lang=np - 200 - 21ms","timestamp":"2026-04-27T07:29:01.201Z"}
{"level":"info","message":"GET /api/gallery/categories?lang=np - 200 - 9ms","timestamp":"2026-04-27T07:29:01.240Z"}
{"level":"info","message":"GET /api/gallery?lang=np - 200 - 30ms","timestamp":"2026-04-27T07:29:01.265Z"}
{"level":"info","message":"GET /uploads/gallery/gallery-1773394335040-438647233.jpg - 200 - 26ms","timestamp":"2026-04-27T07:29:01.364Z"}
{"level":"info","message":"GET /uploads/gallery/gallery-1767843313385-869325164.jpg - 200 - 44ms","timestamp":"2026-04-27T07:29:01.382Z"}
{"level":"info","message":"GET /uploads/gallery/gallery-1773394427574-941263277.jpg - 200 - 63ms","timestamp":"2026-04-27T07:29:01.398Z"}
{"level":"info","message":"GET /uploads/gallery/gallery-1773394549713-790365835.jpg - 200 - 120ms","timestamp":"2026-04-27T07:29:01.448Z"}
{"level":"info","message":"GET /uploads/gallery/gallery-1771814895526-114415030.png - 200 - 116ms","timestamp":"2026-04-27T07:29:01.465Z"}
{"level":"info","message":"GET /api/projects?lang=np - 200 - 8ms","timestamp":"2026-04-27T07:29:03.730Z"}
{"level":"info","message":"GET /api/projects?lang=np - 200 - 9ms","timestamp":"2026-04-27T07:29:03.754Z"}
{"level":"error","message":"CastError: Cast to ObjectId failed for value \"categories\" (type string) at path \"_id\" for model \"Project\"\n    at SchemaObjectId.cast (D:\\backup\\mohanfinal\\backend\\node_modules\\mongoose\\lib\\schema\\objectId.js:253:11)\n    at SchemaType.applySetters (D:\\backup\\mohanfinal\\backend\\node_modules\\mongoose\\lib\\schemaType.js:1280:12)\n    at SchemaType.castForQuery (D:\\backup\\mohanfinal\\backend\\node_modules\\mongoose\\lib\\schemaType.js:1706:17)\n    at cast (D:\\backup\\mohanfinal\\backend\\node_modules\\mongoose\\lib\\cast.js:386:32)\n    at Query.cast (D:\\backup\\mohanfinal\\backend\\node_modules\\mongoose\\lib\\query.js:5025:12)\n    at Query._castConditions (D:\\backup\\mohanfinal\\backend\\node_modules\\mongoose\\lib\\query.js:2374:10)\n    at model.Query._findOne (D:\\backup\\mohanfinal\\backend\\node_modules\\mongoose\\lib\\query.js:2704:8)\n    at model.Query.exec (D:\\backup\\mohanfinal\\backend\\node_modules\\mongoose\\lib\\query.js:4637:80)\n    at process.processTicksAndRejections (node:internal/process/task_queues:103:5)\n    at async D:\\backup\\mohanfinal\\backend\\controllers\\projectController.js:48:19","timestamp":"2026-04-27T07:29:03.765Z"}
{"level":"warn","message":"GET /api/projects/categories - 400 - 17ms","timestamp":"2026-04-27T07:29:03.780Z"}
{"level":"error","message":"CastError: Cast to ObjectId failed for value \"stats\" (type string) at path \"_id\" for model \"Project\"\n    at SchemaObjectId.cast (D:\\backup\\mohanfinal\\backend\\node_modules\\mongoose\\lib\\schema\\objectId.js:253:11)\n    at SchemaType.applySetters (D:\\backup\\mohanfinal\\backend\\node_modules\\mongoose\\lib\\schemaType.js:1280:12)\n    at SchemaType.castForQuery (D:\\backup\\mohanfinal\\backend\\node_modules\\mongoose\\lib\\schemaType.js:1706:17)\n    at cast (D:\\backup\\mohanfinal\\backend\\node_modules\\mongoose\\lib\\cast.js:386:32)\n    at Query.cast (D:\\backup\\mohanfinal\\backend\\node_modules\\mongoose\\lib\\query.js:5025:12)\n    at Query._castConditions (D:\\backup\\mohanfinal\\backend\\node_modules\\mongoose\\lib\\query.js:2374:10)\n    at model.Query._findOne (D:\\backup\\mohanfinal\\backend\\node_modules\\mongoose\\lib\\query.js:2704:8)\n    at model.Query.exec (D:\\backup\\mohanfinal\\backend\\node_modules\\mongoose\\lib\\query.js:4637:80)\n    at process.processTicksAndRejections (node:internal/process/task_queues:103:5)\n    at async D:\\backup\\mohanfinal\\backend\\controllers\\projectController.js:48:19","timestamp":"2026-04-27T07:29:03.806Z"}
{"level":"warn","message":"GET /api/projects/stats - 400 - 71ms","timestamp":"2026-04-27T07:29:03.875Z"}
{"level":"error","message":"CastError: Cast to ObjectId failed for value \"categories\" (type string) at path \"_id\" for model \"Project\"\n    at SchemaObjectId.cast (D:\\backup\\mohanfinal\\backend\\node_modules\\mongoose\\lib\\schema\\objectId.js:253:11)\n    at SchemaType.applySetters (D:\\backup\\mohanfinal\\backend\\node_modules\\mongoose\\lib\\schemaType.js:1280:12)\n    at SchemaType.castForQuery (D:\\backup\\mohanfinal\\backend\\node_modules\\mongoose\\lib\\schemaType.js:1706:17)\n    at cast (D:\\backup\\mohanfinal\\backend\\node_modules\\mongoose\\lib\\cast.js:386:32)\n    at Query.cast (D:\\backup\\mohanfinal\\backend\\node_modules\\mongoose\\lib\\query.js:5025:12)\n    at Query._castConditions (D:\\backup\\mohanfinal\\backend\\node_modules\\mongoose\\lib\\query.js:2374:10)\n    at model.Query._findOne (D:\\backup\\mohanfinal\\backend\\node_modules\\mongoose\\lib\\query.js:2704:8)\n    at model.Query.exec (D:\\backup\\mohanfinal\\backend\\node_modules\\mongoose\\lib\\query.js:4637:80)\n    at process.processTicksAndRejections (node:internal/process/task_queues:103:5)\n    at async D:\\backup\\mohanfinal\\backend\\controllers\\projectController.js:48:19","timestamp":"2026-04-27T07:29:03.889Z"}
{"level":"warn","message":"GET /api/projects/categories - 400 - 20ms","timestamp":"2026-04-27T07:29:03.907Z"}
{"level":"error","message":"CastError: Cast to ObjectId failed for value \"stats\" (type string) at path \"_id\" for model \"Project\"\n    at SchemaObjectId.cast (D:\\backup\\mohanfinal\\backend\\node_modules\\mongoose\\lib\\schema\\objectId.js:253:11)\n    at SchemaType.applySetters (D:\\backup\\mohanfinal\\backend\\node_modules\\mongoose\\lib\\schemaType.js:1280:12)\n    at SchemaType.castForQuery (D:\\backup\\mohanfinal\\backend\\node_modules\\mongoose\\lib\\schemaType.js:1706:17)\n    at cast (D:\\backup\\mohanfinal\\backend\\node_modules\\mongoose\\lib\\cast.js:386:32)\n    at Query.cast (D:\\backup\\mohanfinal\\backend\\node_modules\\mongoose\\lib\\query.js:5025:12)\n    at Query._castConditions (D:\\backup\\mohanfinal\\backend\\node_modules\\mongoose\\lib\\query.js:2374:10)\n    at model.Query._findOne (D:\\backup\\mohanfinal\\backend\\node_modules\\mongoose\\lib\\query.js:2704:8)\n    at model.Query.exec (D:\\backup\\mohanfinal\\backend\\node_modules\\mongoose\\lib\\query.js:4637:80)\n    at process.processTicksAndRejections (node:internal/process/task_queues:103:5)\n    at async D:\\backup\\mohanfinal\\backend\\controllers\\projectController.js:48:19","timestamp":"2026-04-27T07:29:03.936Z"}
{"level":"warn","message":"GET /api/projects/stats - 400 - 9ms","timestamp":"2026-04-27T07:29:03.942Z"}
{"level":"info","message":"GET /api/gallery/categories?lang=np - 200 - 5ms","timestamp":"2026-04-27T07:34:25.666Z"}
{"level":"info","message":"GET /api/hero?lang=ne - 200 - 21ms","timestamp":"2026-04-27T07:34:25.671Z"}
{"level":"info","message":"GET /api/gallery/categories?lang=np - 200 - 15ms","timestamp":"2026-04-27T07:34:25.706Z"}
{"level":"info","message":"GET /api/gallery?lang=np - 200 - 68ms","timestamp":"2026-04-27T07:34:25.735Z"}
{"level":"info","message":"GET /api/hero?lang=ne - 200 - 64ms","timestamp":"2026-04-27T07:34:25.745Z"}
{"level":"info","message":"GET /api/gallery?lang=np - 200 - 18ms","timestamp":"2026-04-27T07:34:25.807Z"}
{"level":"info","message":"GET /uploads/gallery/gallery-1773394335040-438647233.jpg - 200 - 16ms","timestamp":"2026-04-27T07:34:25.872Z"}
{"level":"info","message":"GET /uploads/gallery/gallery-1773394427574-941263277.jpg - 200 - 36ms","timestamp":"2026-04-27T07:34:25.891Z"}
{"level":"info","message":"GET /uploads/gallery/gallery-1773394549713-790365835.jpg - 200 - 57ms","timestamp":"2026-04-27T07:34:25.911Z"}
{"level":"info","message":"GET /api/poems/featured?lang=np&limit=4 - 200 - 25ms","timestamp":"2026-04-27T07:34:40.037Z"}
{"level":"info","message":"GET /api/poems?lang=np&page=1&limit=12&sort=newest - 200 - 56ms","timestamp":"2026-04-27T07:34:40.058Z"}
{"level":"info","message":"GET /api/poems/featured?lang=np&limit=4 - 200 - 9ms","timestamp":"2026-04-27T07:34:40.065Z"}
{"level":"info","message":"GET /api/poems/stats?lang=np - 200 - 58ms","timestamp":"2026-04-27T07:34:40.075Z"}
{"level":"info","message":"GET /api/poems?lang=np&page=1&limit=12&sort=newest - 200 - 44ms","timestamp":"2026-04-27T07:34:40.128Z"}
{"level":"info","message":"GET /api/poems/stats?lang=np - 200 - 41ms","timestamp":"2026-04-27T07:34:40.140Z"}
{"level":"info","message":"GET /uploads/poems/poem-1769306861099-316207600.jpg - 200 - 19ms","timestamp":"2026-04-27T07:34:40.197Z"}
{"level":"info","message":"GET /api/poems/69757aed3fd78947cc1b98ed?lang=np&incrementViews=true - 200 - 32ms","timestamp":"2026-04-27T07:34:44.435Z"}
{"level":"info","message":"GET /api/gallery/categories?lang=np - 200 - 5ms","timestamp":"2026-04-27T07:34:52.222Z"}
{"level":"info","message":"GET /api/gallery?lang=np - 200 - 16ms","timestamp":"2026-04-27T07:34:52.235Z"}
{"level":"info","message":"GET /api/gallery/categories?lang=np - 200 - 21ms","timestamp":"2026-04-27T07:34:52.254Z"}
{"level":"info","message":"GET /api/gallery?lang=np - 200 - 18ms","timestamp":"2026-04-27T07:34:52.280Z"}
{"level":"info","message":"GET /uploads/gallery/gallery-1773394427574-941263277.jpg - 200 - 21ms","timestamp":"2026-04-27T07:34:52.385Z"}
{"level":"info","message":"GET /uploads/gallery/gallery-1773394335040-438647233.jpg - 200 - 33ms","timestamp":"2026-04-27T07:34:52.413Z"}
{"level":"info","message":"GET /uploads/gallery/gallery-1773394549713-790365835.jpg - 200 - 106ms","timestamp":"2026-04-27T07:34:52.456Z"}
{"level":"info","message":"GET /uploads/gallery/gallery-1767843313385-869325164.jpg - 200 - 15ms","timestamp":"2026-04-27T07:34:52.464Z"}
{"level":"info","message":"GET /uploads/gallery/gallery-1771814895526-114415030.png - 200 - 39ms","timestamp":"2026-04-27T07:34:52.487Z"}
{"level":"info","message":"GET /api/skills?lang=np&sort=proficiency - 200 - 46ms","timestamp":"2026-04-27T07:34:54.584Z"}
{"level":"info","message":"GET /api/skills/stats?lang=np - 200 - 52ms","timestamp":"2026-04-27T07:34:54.597Z"}
{"level":"info","message":"GET /api/skills/categories?lang=np - 200 - 70ms","timestamp":"2026-04-27T07:34:54.612Z"}
{"level":"info","message":"GET /api/skills?lang=np&sort=proficiency - 200 - 13ms","timestamp":"2026-04-27T07:34:54.641Z"}
{"level":"info","message":"GET /api/skills/stats?lang=np - 200 - 16ms","timestamp":"2026-04-27T07:34:54.651Z"}
{"level":"info","message":"GET /api/skills/categories?lang=np - 200 - 3ms","timestamp":"2026-04-27T07:34:54.659Z"}
{"level":"info","message":"GET /api/skills?lang=np&sort=proficiency - 200 - 6ms","timestamp":"2026-04-27T07:34:54.685Z"}
{"level":"info","message":"GET /api/skills/stats?lang=np - 200 - 3ms","timestamp":"2026-04-27T07:34:54.694Z"}
{"level":"info","message":"GET /api/skills?lang=np&sort=proficiency - 200 - 5ms","timestamp":"2026-04-27T07:34:54.777Z"}
{"level":"info","message":"GET /api/skills?lang=np&sort=proficiency - 200 - 4ms","timestamp":"2026-04-27T07:34:54.819Z"}
{"level":"info","message":"GET /api/contact/info - 200 - 26ms","timestamp":"2026-04-27T07:34:57.278Z"}
{"level":"info","message":"GET /api/contact/info - 200 - 6ms","timestamp":"2026-04-27T07:34:57.289Z"}
{"level":"info","message":"GET /uploads/contact/profileImage-1768544119186-466964741.jpeg - 200 - 3ms","timestamp":"2026-04-27T07:34:57.372Z"}
{"level":"debug","message":"Login attempt for email: mohan@gmail.com","timestamp":"2026-04-27T07:35:17.327Z"}
{"level":"warn","message":"Login attempt for unknown email: mohan@gmail.com","timestamp":"2026-04-27T07:35:17.346Z"}
{"level":"warn","message":"POST /api/auth/login - 401 - 79ms","timestamp":"2026-04-27T07:35:17.352Z"}
{"level":"debug","message":"Login attempt for email: mohan@gmail.com","timestamp":"2026-04-27T07:35:33.659Z"}
{"level":"warn","message":"Login attempt for unknown email: mohan@gmail.com","timestamp":"2026-04-27T07:35:33.662Z"}
{"level":"warn","message":"POST /api/auth/login - 401 - 9ms","timestamp":"2026-04-27T07:35:33.665Z"}
{"level":"info","message":"POST /api/auth/forgot-password - 200 - 61ms","timestamp":"2026-04-27T07:35:42.015Z"}
{"level":"info","message":"👋 SIGINT received. Shutting down...","timestamp":"2026-04-27T07:37:20.489Z"}
{"level":"info","message":"✅ Socket service initialized","timestamp":"2026-04-27T07:45:46.468Z"}
{"level":"info","message":"✅ Security middleware applied with enhanced protection","timestamp":"2026-04-27T07:45:46.504Z"}
{"level":"info","message":"🚀 Server running in development mode on port 5001","timestamp":"2026-04-27T07:45:46.515Z"}
{"level":"info","message":"✅ MongoDB Connected: 127.0.0.1","timestamp":"2026-04-27T07:45:46.569Z"}
{"level":"info","message":"📁 Database Name: mohan","timestamp":"2026-04-27T07:45:46.570Z"}
{"level":"info","message":"🔗 Connection URI: mongodb://127.0.0.1:27017/mohan","timestamp":"2026-04-27T07:45:46.571Z"}
{"level":"info","message":"✅ Token cleanup job started...","timestamp":"2026-04-27T07:45:46.572Z"}
{"level":"info","message":"🧹 Cleanup complete: 2 tokens removed, 0 locks reset, 0 unverified users cleaned","timestamp":"2026-04-27T07:45:46.771Z"}
{"level":"error","message":"\n❌ GMAIL AUTHENTICATION FAILED:","timestamp":"2026-04-27T07:45:47.888Z"}
{"level":"error","message":"   Your App Password was rejected by Google.","timestamp":"2026-04-27T07:45:47.889Z"}
{"level":"error","message":"   Please generate a NEW App Password: https://myaccount.google.com/apppasswords","timestamp":"2026-04-27T07:45:47.890Z"}
{"level":"error","message":"   Ensure 2-Step Verification is ENABLED first.\n","timestamp":"2026-04-27T07:45:47.891Z"}
{"level":"debug","message":"Login attempt for email: mohanshahi.p@gmail.com","timestamp":"2026-04-27T07:45:51.107Z"}
{"level":"info","message":"--- LOGIN DEBUG [mohanshahi.p@gmail.com] ---","timestamp":"2026-04-27T07:45:51.129Z"}
{"level":"info","message":"User Object Found: 69ef129e40a5e61eb5c1157e","timestamp":"2026-04-27T07:45:51.132Z"}
{"level":"info","message":"isActive value: true (type: boolean)","timestamp":"2026-04-27T07:45:51.133Z"}
{"level":"info","message":"isVerified value: true (type: boolean)","timestamp":"2026-04-27T07:45:51.135Z"}
{"level":"info","message":"Role: superadmin","timestamp":"2026-04-27T07:45:51.136Z"}
{"level":"info","message":"Locked until: undefined","timestamp":"2026-04-27T07:45:51.138Z"}
{"level":"info","message":"Login attempts: 0","timestamp":"2026-04-27T07:45:51.139Z"}
{"level":"info","message":"------------------------------","timestamp":"2026-04-27T07:45:51.140Z"}
{"level":"info","message":"POST /api/auth/login - 200 - 590ms","timestamp":"2026-04-27T07:45:51.651Z"}
{"level":"debug","message":"Auth protect check - Cookies: {\"accessToken\":\"eyJhbGciOiJIUzI1NiIsInR5cCI6IkpXVCJ9.eyJpZCI6IjY5ZWYxMjllNDBhNWU2MWViNWMxMTU3ZSIsInJvbGUiOiJzdXBlcmFkbWluIiwidHlwZSI6ImFjY2VzcyIsImlhdCI6MTc3NzI3NTk1MSwiZXhwIjoxNzc3Mjc2ODUxfQ.IqUJC1Hc3tDU0PQmeYEkXYOX9KRGJUE017ZFSNQ-800\",\"refreshToken\":\"eyJhbGciOiJIUzI1NiIsInR5cCI6IkpXVCJ9.eyJpZCI6IjY5ZWYxMjllNDBhNWU2MWViNWMxMTU3ZSIsInR5cGUiOiJyZWZyZXNoIiwiaWF0IjoxNzc3Mjc1OTUxLCJleHAiOjE3Nzc4ODA3NTF9.neV5W8I422pm-4NBRKrUJZiZ_Bn6BUoT7-G2s_MEzCc\",\"authenticated\":\"true\",\"csrfSecret\":\"imXNg84O_LJsyb2Hau3mvin2\",\"csrfToken\":\"flLpO1Cs-bGwrQNdKEj2iAgbL7kTctrPDg44\"}, Headers Auth: false","timestamp":"2026-04-27T07:45:52.361Z"}
{"level":"info","message":"GET /api/admin/all-admins?page=1&limit=10&search=&sortBy=newest - 200 - 53ms","timestamp":"2026-04-27T07:45:52.410Z"}
{"level":"debug","message":"Auth protect check - Cookies: {\"accessToken\":\"eyJhbGciOiJIUzI1NiIsInR5cCI6IkpXVCJ9.eyJpZCI6IjY5ZWYxMjllNDBhNWU2MWViNWMxMTU3ZSIsInJvbGUiOiJzdXBlcmFkbWluIiwidHlwZSI6ImFjY2VzcyIsImlhdCI6MTc3NzI3NTk1MSwiZXhwIjoxNzc3Mjc2ODUxfQ.IqUJC1Hc3tDU0PQmeYEkXYOX9KRGJUE017ZFSNQ-800\",\"refreshToken\":\"eyJhbGciOiJIUzI1NiIsInR5cCI6IkpXVCJ9.eyJpZCI6IjY5ZWYxMjllNDBhNWU2MWViNWMxMTU3ZSIsInR5cGUiOiJyZWZyZXNoIiwiaWF0IjoxNzc3Mjc1OTUxLCJleHAiOjE3Nzc4ODA3NTF9.neV5W8I422pm-4NBRKrUJZiZ_Bn6BUoT7-G2s_MEzCc\",\"authenticated\":\"true\",\"csrfSecret\":\"imXNg84O_LJsyb2Hau3mvin2\",\"csrfToken\":\"flLpO1Cs-bGwrQNdKEj2iAgbL7kTctrPDg44\"}, Headers Auth: false","timestamp":"2026-04-27T07:45:52.420Z"}
{"level":"info","message":"GET /api/admin/all-admins?page=1&limit=10&search=&sortBy=newest - 200 - 30ms","timestamp":"2026-04-27T07:45:52.449Z"}
{"level":"debug","message":"Auth protect check - Cookies: {\"accessToken\":\"eyJhbGciOiJIUzI1NiIsInR5cCI6IkpXVCJ9.eyJpZCI6IjY5ZWYxMjllNDBhNWU2MWViNWMxMTU3ZSIsInJvbGUiOiJzdXBlcmFkbWluIiwidHlwZSI6ImFjY2VzcyIsImlhdCI6MTc3NzI3NTk1MSwiZXhwIjoxNzc3Mjc2ODUxfQ.IqUJC1Hc3tDU0PQmeYEkXYOX9KRGJUE017ZFSNQ-800\",\"refreshToken\":\"eyJhbGciOiJIUzI1NiIsInR5cCI6IkpXVCJ9.eyJpZCI6IjY5ZWYxMjllNDBhNWU2MWViNWMxMTU3ZSIsInR5cGUiOiJyZWZyZXNoIiwiaWF0IjoxNzc3Mjc1OTUxLCJleHAiOjE3Nzc4ODA3NTF9.neV5W8I422pm-4NBRKrUJZiZ_Bn6BUoT7-G2s_MEzCc\",\"authenticated\":\"true\",\"csrfSecret\":\"imXNg84O_LJsyb2Hau3mvin2\",\"csrfToken\":\"flLpO1Cs-bGwrQNdKEj2iAgbL7kTctrPDg44\"}, Headers Auth: false","timestamp":"2026-04-27T07:45:59.971Z"}
{"level":"debug","message":"Auth protect check - Cookies: {\"accessToken\":\"eyJhbGciOiJIUzI1NiIsInR5cCI6IkpXVCJ9.eyJpZCI6IjY5ZWYxMjllNDBhNWU2MWViNWMxMTU3ZSIsInJvbGUiOiJzdXBlcmFkbWluIiwidHlwZSI6ImFjY2VzcyIsImlhdCI6MTc3NzI3NTk1MSwiZXhwIjoxNzc3Mjc2ODUxfQ.IqUJC1Hc3tDU0PQmeYEkXYOX9KRGJUE017ZFSNQ-800\",\"refreshToken\":\"eyJhbGciOiJIUzI1NiIsInR5cCI6IkpXVCJ9.eyJpZCI6IjY5ZWYxMjllNDBhNWU2MWViNWMxMTU3ZSIsInR5cGUiOiJyZWZyZXNoIiwiaWF0IjoxNzc3Mjc1OTUxLCJleHAiOjE3Nzc4ODA3NTF9.neV5W8I422pm-4NBRKrUJZiZ_Bn6BUoT7-G2s_MEzCc\",\"authenticated\":\"true\",\"csrfSecret\":\"imXNg84O_LJsyb2Hau3mvin2\",\"csrfToken\":\"flLpO1Cs-bGwrQNdKEj2iAgbL7kTctrPDg44\"}, Headers Auth: false","timestamp":"2026-04-27T07:46:00.325Z"}
{"level":"debug","message":"Auth protect check - Cookies: {\"accessToken\":\"eyJhbGciOiJIUzI1NiIsInR5cCI6IkpXVCJ9.eyJpZCI6IjY5ZWYxMjllNDBhNWU2MWViNWMxMTU3ZSIsInJvbGUiOiJzdXBlcmFkbWluIiwidHlwZSI6ImFjY2VzcyIsImlhdCI6MTc3NzI3NTk1MSwiZXhwIjoxNzc3Mjc2ODUxfQ.IqUJC1Hc3tDU0PQmeYEkXYOX9KRGJUE017ZFSNQ-800\",\"refreshToken\":\"eyJhbGciOiJIUzI1NiIsInR5cCI6IkpXVCJ9.eyJpZCI6IjY5ZWYxMjllNDBhNWU2MWViNWMxMTU3ZSIsInR5cGUiOiJyZWZyZXNoIiwiaWF0IjoxNzc3Mjc1OTUxLCJleHAiOjE3Nzc4ODA3NTF9.neV5W8I422pm-4NBRKrUJZiZ_Bn6BUoT7-G2s_MEzCc\",\"authenticated\":\"true\",\"csrfSecret\":\"imXNg84O_LJsyb2Hau3mvin2\",\"csrfToken\":\"flLpO1Cs-bGwrQNdKEj2iAgbL7kTctrPDg44\"}, Headers Auth: false","timestamp":"2026-04-27T07:46:00.540Z"}
{"level":"info","message":"GET /api/admin/settings - 200 - 725ms","timestamp":"2026-04-27T07:46:00.695Z"}
{"level":"debug","message":"Auth protect check - Cookies: {\"accessToken\":\"eyJhbGciOiJIUzI1NiIsInR5cCI6IkpXVCJ9.eyJpZCI6IjY5ZWYxMjllNDBhNWU2MWViNWMxMTU3ZSIsInJvbGUiOiJzdXBlcmFkbWluIiwidHlwZSI6ImFjY2VzcyIsImlhdCI6MTc3NzI3NTk1MSwiZXhwIjoxNzc3Mjc2ODUxfQ.IqUJC1Hc3tDU0PQmeYEkXYOX9KRGJUE017ZFSNQ-800\",\"refreshToken\":\"eyJhbGciOiJIUzI1NiIsInR5cCI6IkpXVCJ9.eyJpZCI6IjY5ZWYxMjllNDBhNWU2MWViNWMxMTU3ZSIsInR5cGUiOiJyZWZyZXNoIiwiaWF0IjoxNzc3Mjc1OTUxLCJleHAiOjE3Nzc4ODA3NTF9.neV5W8I422pm-4NBRKrUJZiZ_Bn6BUoT7-G2s_MEzCc\",\"authenticated\":\"true\",\"csrfSecret\":\"imXNg84O_LJsyb2Hau3mvin2\",\"csrfToken\":\"flLpO1Cs-bGwrQNdKEj2iAgbL7kTctrPDg44\"}, Headers Auth: false","timestamp":"2026-04-27T07:46:00.742Z"}
{"level":"info","message":"GET /api/admin/settings - 200 - 715ms","timestamp":"2026-04-27T07:46:01.039Z"}
{"level":"info","message":"GET /api/admin/settings - 200 - 573ms","timestamp":"2026-04-27T07:46:01.112Z"}
{"level":"info","message":"GET /api/admin/settings - 200 - 429ms","timestamp":"2026-04-27T07:46:01.143Z"}
{"level":"debug","message":"Auth protect check - Cookies: {\"accessToken\":\"eyJhbGciOiJIUzI1NiIsInR5cCI6IkpXVCJ9.eyJpZCI6IjY5ZWYxMjllNDBhNWU2MWViNWMxMTU3ZSIsInJvbGUiOiJzdXBlcmFkbWluIiwidHlwZSI6ImFjY2VzcyIsImlhdCI6MTc3NzI3NTk1MSwiZXhwIjoxNzc3Mjc2ODUxfQ.IqUJC1Hc3tDU0PQmeYEkXYOX9KRGJUE017ZFSNQ-800\",\"refreshToken\":\"eyJhbGciOiJIUzI1NiIsInR5cCI6IkpXVCJ9.eyJpZCI6IjY5ZWYxMjllNDBhNWU2MWViNWMxMTU3ZSIsInR5cGUiOiJyZWZyZXNoIiwiaWF0IjoxNzc3Mjc1OTUxLCJleHAiOjE3Nzc4ODA3NTF9.neV5W8I422pm-4NBRKrUJZiZ_Bn6BUoT7-G2s_MEzCc\",\"authenticated\":\"true\",\"csrfSecret\":\"imXNg84O_LJsyb2Hau3mvin2\",\"csrfToken\":\"flLpO1Cs-bGwrQNdKEj2iAgbL7kTctrPDg44\"}, Headers Auth: false","timestamp":"2026-04-27T07:46:01.825Z"}
{"level":"info","message":"GET /api/admin/all-admins?page=1&limit=10&search=&sortBy=newest - 200 - 45ms","timestamp":"2026-04-27T07:46:01.869Z"}
{"level":"debug","message":"Auth protect check - Cookies: {\"accessToken\":\"eyJhbGciOiJIUzI1NiIsInR5cCI6IkpXVCJ9.eyJpZCI6IjY5ZWYxMjllNDBhNWU2MWViNWMxMTU3ZSIsInJvbGUiOiJzdXBlcmFkbWluIiwidHlwZSI6ImFjY2VzcyIsImlhdCI6MTc3NzI3NTk1MSwiZXhwIjoxNzc3Mjc2ODUxfQ.IqUJC1Hc3tDU0PQmeYEkXYOX9KRGJUE017ZFSNQ-800\",\"refreshToken\":\"eyJhbGciOiJIUzI1NiIsInR5cCI6IkpXVCJ9.eyJpZCI6IjY5ZWYxMjllNDBhNWU2MWViNWMxMTU3ZSIsInR5cGUiOiJyZWZyZXNoIiwiaWF0IjoxNzc3Mjc1OTUxLCJleHAiOjE3Nzc4ODA3NTF9.neV5W8I422pm-4NBRKrUJZiZ_Bn6BUoT7-G2s_MEzCc\",\"authenticated\":\"true\",\"csrfSecret\":\"imXNg84O_LJsyb2Hau3mvin2\",\"csrfToken\":\"flLpO1Cs-bGwrQNdKEj2iAgbL7kTctrPDg44\"}, Headers Auth: false","timestamp":"2026-04-27T07:46:01.900Z"}
{"level":"info","message":"GET /api/admin/all-admins?page=1&limit=10&search=&sortBy=newest - 200 - 142ms","timestamp":"2026-04-27T07:46:02.041Z"}
{"level":"debug","message":"Auth protect check - Cookies: {\"accessToken\":\"eyJhbGciOiJIUzI1NiIsInR5cCI6IkpXVCJ9.eyJpZCI6IjY5ZWYxMjllNDBhNWU2MWViNWMxMTU3ZSIsInJvbGUiOiJzdXBlcmFkbWluIiwidHlwZSI6ImFjY2VzcyIsImlhdCI6MTc3NzI3NTk1MSwiZXhwIjoxNzc3Mjc2ODUxfQ.IqUJC1Hc3tDU0PQmeYEkXYOX9KRGJUE017ZFSNQ-800\",\"refreshToken\":\"eyJhbGciOiJIUzI1NiIsInR5cCI6IkpXVCJ9.eyJpZCI6IjY5ZWYxMjllNDBhNWU2MWViNWMxMTU3ZSIsInR5cGUiOiJyZWZyZXNoIiwiaWF0IjoxNzc3Mjc1OTUxLCJleHAiOjE3Nzc4ODA3NTF9.neV5W8I422pm-4NBRKrUJZiZ_Bn6BUoT7-G2s_MEzCc\",\"authenticated\":\"true\",\"csrfSecret\":\"imXNg84O_LJsyb2Hau3mvin2\",\"csrfToken\":\"flLpO1Cs-bGwrQNdKEj2iAgbL7kTctrPDg44\"}, Headers Auth: false","timestamp":"2026-04-27T07:46:02.104Z"}
{"level":"info","message":"GET /api/admin/all-admins?page=1&limit=10&search=&sortBy=newest - 200 - 104ms","timestamp":"2026-04-27T07:46:02.206Z"}
{"level":"debug","message":"Auth protect check - Cookies: {\"accessToken\":\"eyJhbGciOiJIUzI1NiIsInR5cCI6IkpXVCJ9.eyJpZCI6IjY5ZWYxMjllNDBhNWU2MWViNWMxMTU3ZSIsInJvbGUiOiJzdXBlcmFkbWluIiwidHlwZSI6ImFjY2VzcyIsImlhdCI6MTc3NzI3NTk1MSwiZXhwIjoxNzc3Mjc2ODUxfQ.IqUJC1Hc3tDU0PQmeYEkXYOX9KRGJUE017ZFSNQ-800\",\"refreshToken\":\"eyJhbGciOiJIUzI1NiIsInR5cCI6IkpXVCJ9.eyJpZCI6IjY5ZWYxMjllNDBhNWU2MWViNWMxMTU3ZSIsInR5cGUiOiJyZWZyZXNoIiwiaWF0IjoxNzc3Mjc1OTUxLCJleHAiOjE3Nzc4ODA3NTF9.neV5W8I422pm-4NBRKrUJZiZ_Bn6BUoT7-G2s_MEzCc\",\"authenticated\":\"true\",\"csrfSecret\":\"imXNg84O_LJsyb2Hau3mvin2\",\"csrfToken\":\"flLpO1Cs-bGwrQNdKEj2iAgbL7kTctrPDg44\"}, Headers Auth: false","timestamp":"2026-04-27T07:46:02.246Z"}
{"level":"info","message":"GET /api/admin/all-admins?page=1&limit=10&search=&sortBy=newest - 200 - 107ms","timestamp":"2026-04-27T07:46:02.352Z"}
{"level":"debug","message":"Auth protect check - Cookies: {\"accessToken\":\"eyJhbGciOiJIUzI1NiIsInR5cCI6IkpXVCJ9.eyJpZCI6IjY5ZWYxMjllNDBhNWU2MWViNWMxMTU3ZSIsInJvbGUiOiJzdXBlcmFkbWluIiwidHlwZSI6ImFjY2VzcyIsImlhdCI6MTc3NzI3NTk1MSwiZXhwIjoxNzc3Mjc2ODUxfQ.IqUJC1Hc3tDU0PQmeYEkXYOX9KRGJUE017ZFSNQ-800\",\"refreshToken\":\"eyJhbGciOiJIUzI1NiIsInR5cCI6IkpXVCJ9.eyJpZCI6IjY5ZWYxMjllNDBhNWU2MWViNWMxMTU3ZSIsInR5cGUiOiJyZWZyZXNoIiwiaWF0IjoxNzc3Mjc1OTUxLCJleHAiOjE3Nzc4ODA3NTF9.neV5W8I422pm-4NBRKrUJZiZ_Bn6BUoT7-G2s_MEzCc\",\"authenticated\":\"true\",\"csrfSecret\":\"imXNg84O_LJsyb2Hau3mvin2\",\"csrfToken\":\"flLpO1Cs-bGwrQNdKEj2iAgbL7kTctrPDg44\"}, Headers Auth: false","timestamp":"2026-04-27T07:46:09.702Z"}
{"level":"info","message":"GET /api/hero/admin - 200 - 26ms","timestamp":"2026-04-27T07:46:09.727Z"}
{"level":"debug","message":"Auth protect check - Cookies: {\"accessToken\":\"eyJhbGciOiJIUzI1NiIsInR5cCI6IkpXVCJ9.eyJpZCI6IjY5ZWYxMjllNDBhNWU2MWViNWMxMTU3ZSIsInJvbGUiOiJzdXBlcmFkbWluIiwidHlwZSI6ImFjY2VzcyIsImlhdCI6MTc3NzI3NTk1MSwiZXhwIjoxNzc3Mjc2ODUxfQ.IqUJC1Hc3tDU0PQmeYEkXYOX9KRGJUE017ZFSNQ-800\",\"refreshToken\":\"eyJhbGciOiJIUzI1NiIsInR5cCI6IkpXVCJ9.eyJpZCI6IjY5ZWYxMjllNDBhNWU2MWViNWMxMTU3ZSIsInR5cGUiOiJyZWZyZXNoIiwiaWF0IjoxNzc3Mjc1OTUxLCJleHAiOjE3Nzc4ODA3NTF9.neV5W8I422pm-4NBRKrUJZiZ_Bn6BUoT7-G2s_MEzCc\",\"authenticated\":\"true\",\"csrfSecret\":\"imXNg84O_LJsyb2Hau3mvin2\",\"csrfToken\":\"flLpO1Cs-bGwrQNdKEj2iAgbL7kTctrPDg44\"}, Headers Auth: false","timestamp":"2026-04-27T07:46:09.745Z"}
{"level":"info","message":"GET /api/hero/admin - 200 - 62ms","timestamp":"2026-04-27T07:46:09.807Z"}
{"level":"debug","message":"Auth protect check - Cookies: {\"accessToken\":\"eyJhbGciOiJIUzI1NiIsInR5cCI6IkpXVCJ9.eyJpZCI6IjY5ZWYxMjllNDBhNWU2MWViNWMxMTU3ZSIsInJvbGUiOiJzdXBlcmFkbWluIiwidHlwZSI6ImFjY2VzcyIsImlhdCI6MTc3NzI3NTk1MSwiZXhwIjoxNzc3Mjc2ODUxfQ.IqUJC1Hc3tDU0PQmeYEkXYOX9KRGJUE017ZFSNQ-800\",\"refreshToken\":\"eyJhbGciOiJIUzI1NiIsInR5cCI6IkpXVCJ9.eyJpZCI6IjY5ZWYxMjllNDBhNWU2MWViNWMxMTU3ZSIsInR5cGUiOiJyZWZyZXNoIiwiaWF0IjoxNzc3Mjc1OTUxLCJleHAiOjE3Nzc4ODA3NTF9.neV5W8I422pm-4NBRKrUJZiZ_Bn6BUoT7-G2s_MEzCc\",\"authenticated\":\"true\",\"csrfSecret\":\"imXNg84O_LJsyb2Hau3mvin2\",\"csrfToken\":\"flLpO1Cs-bGwrQNdKEj2iAgbL7kTctrPDg44\"}, Headers Auth: false","timestamp":"2026-04-27T07:46:09.824Z"}
{"level":"info","message":"GET /api/hero/admin - 200 - 175ms","timestamp":"2026-04-27T07:46:09.998Z"}
{"level":"debug","message":"Auth protect check - Cookies: {\"accessToken\":\"eyJhbGciOiJIUzI1NiIsInR5cCI6IkpXVCJ9.eyJpZCI6IjY5ZWYxMjllNDBhNWU2MWViNWMxMTU3ZSIsInJvbGUiOiJzdXBlcmFkbWluIiwidHlwZSI6ImFjY2VzcyIsImlhdCI6MTc3NzI3NTk1MSwiZXhwIjoxNzc3Mjc2ODUxfQ.IqUJC1Hc3tDU0PQmeYEkXYOX9KRGJUE017ZFSNQ-800\",\"refreshToken\":\"eyJhbGciOiJIUzI1NiIsInR5cCI6IkpXVCJ9.eyJpZCI6IjY5ZWYxMjllNDBhNWU2MWViNWMxMTU3ZSIsInR5cGUiOiJyZWZyZXNoIiwiaWF0IjoxNzc3Mjc1OTUxLCJleHAiOjE3Nzc4ODA3NTF9.neV5W8I422pm-4NBRKrUJZiZ_Bn6BUoT7-G2s_MEzCc\",\"authenticated\":\"true\",\"csrfSecret\":\"imXNg84O_LJsyb2Hau3mvin2\",\"csrfToken\":\"flLpO1Cs-bGwrQNdKEj2iAgbL7kTctrPDg44\"}, Headers Auth: false","timestamp":"2026-04-27T07:46:10.034Z"}
{"level":"info","message":"GET /api/hero/admin - 200 - 88ms","timestamp":"2026-04-27T07:46:10.121Z"}
{"level":"debug","message":"Auth protect check - Cookies: {\"accessToken\":\"eyJhbGciOiJIUzI1NiIsInR5cCI6IkpXVCJ9.eyJpZCI6IjY5ZWYxMjllNDBhNWU2MWViNWMxMTU3ZSIsInJvbGUiOiJzdXBlcmFkbWluIiwidHlwZSI6ImFjY2VzcyIsImlhdCI6MTc3NzI3NTk1MSwiZXhwIjoxNzc3Mjc2ODUxfQ.IqUJC1Hc3tDU0PQmeYEkXYOX9KRGJUE017ZFSNQ-800\",\"refreshToken\":\"eyJhbGciOiJIUzI1NiIsInR5cCI6IkpXVCJ9.eyJpZCI6IjY5ZWYxMjllNDBhNWU2MWViNWMxMTU3ZSIsInR5cGUiOiJyZWZyZXNoIiwiaWF0IjoxNzc3Mjc1OTUxLCJleHAiOjE3Nzc4ODA3NTF9.neV5W8I422pm-4NBRKrUJZiZ_Bn6BUoT7-G2s_MEzCc\",\"authenticated\":\"true\",\"csrfSecret\":\"imXNg84O_LJsyb2Hau3mvin2\",\"csrfToken\":\"flLpO1Cs-bGwrQNdKEj2iAgbL7kTctrPDg44\"}, Headers Auth: false","timestamp":"2026-04-27T07:46:16.854Z"}
{"level":"info","message":"GET /api/skills/stats - 200 - 12ms","timestamp":"2026-04-27T07:46:16.861Z"}
{"level":"info","message":"GET /api/skills/stats - 200 - 13ms","timestamp":"2026-04-27T07:46:16.937Z"}
{"level":"info","message":"GET /api/skills/admin/all?page=1&limit=10&lang=ne - 200 - 235ms","timestamp":"2026-04-27T07:46:17.088Z"}
{"level":"info","message":"GET /api/skills/stats - 200 - 19ms","timestamp":"2026-04-27T07:46:17.140Z"}
{"level":"debug","message":"Auth protect check - Cookies: {\"accessToken\":\"eyJhbGciOiJIUzI1NiIsInR5cCI6IkpXVCJ9.eyJpZCI6IjY5ZWYxMjllNDBhNWU2MWViNWMxMTU3ZSIsInJvbGUiOiJzdXBlcmFkbWluIiwidHlwZSI6ImFjY2VzcyIsImlhdCI6MTc3NzI3NTk1MSwiZXhwIjoxNzc3Mjc2ODUxfQ.IqUJC1Hc3tDU0PQmeYEkXYOX9KRGJUE017ZFSNQ-800\",\"refreshToken\":\"eyJhbGciOiJIUzI1NiIsInR5cCI6IkpXVCJ9.eyJpZCI6IjY5ZWYxMjllNDBhNWU2MWViNWMxMTU3ZSIsInR5cGUiOiJyZWZyZXNoIiwiaWF0IjoxNzc3Mjc1OTUxLCJleHAiOjE3Nzc4ODA3NTF9.neV5W8I422pm-4NBRKrUJZiZ_Bn6BUoT7-G2s_MEzCc\",\"authenticated\":\"true\",\"csrfSecret\":\"imXNg84O_LJsyb2Hau3mvin2\",\"csrfToken\":\"flLpO1Cs-bGwrQNdKEj2iAgbL7kTctrPDg44\"}, Headers Auth: false","timestamp":"2026-04-27T07:46:17.166Z"}
{"level":"info","message":"GET /api/skills/stats - 200 - 51ms","timestamp":"2026-04-27T07:46:17.272Z"}
{"level":"info","message":"GET /api/skills/admin/all?page=1&limit=10&lang=ne - 200 - 337ms","timestamp":"2026-04-27T07:46:17.496Z"}
{"level":"info","message":"GET /api/skills/stats - 200 - 5ms","timestamp":"2026-04-27T07:46:17.643Z"}
{"level":"info","message":"GET /api/skills/stats - 200 - 57ms","timestamp":"2026-04-27T07:46:17.996Z"}
{"level":"info","message":"GET /api/auth/me - 200 - 15ms","timestamp":"2026-04-27T07:46:25.272Z"}
{"level":"info","message":"GET /api/auth/me - 200 - 20ms","timestamp":"2026-04-27T07:46:25.301Z"}
{"level":"debug","message":"Auth protect check - Cookies: {\"accessToken\":\"eyJhbGciOiJIUzI1NiIsInR5cCI6IkpXVCJ9.eyJpZCI6IjY5ZWYxMjllNDBhNWU2MWViNWMxMTU3ZSIsInJvbGUiOiJzdXBlcmFkbWluIiwidHlwZSI6ImFjY2VzcyIsImlhdCI6MTc3NzI3NTk1MSwiZXhwIjoxNzc3Mjc2ODUxfQ.IqUJC1Hc3tDU0PQmeYEkXYOX9KRGJUE017ZFSNQ-800\",\"refreshToken\":\"eyJhbGciOiJIUzI1NiIsInR5cCI6IkpXVCJ9.eyJpZCI6IjY5ZWYxMjllNDBhNWU2MWViNWMxMTU3ZSIsInR5cGUiOiJyZWZyZXNoIiwiaWF0IjoxNzc3Mjc1OTUxLCJleHAiOjE3Nzc4ODA3NTF9.neV5W8I422pm-4NBRKrUJZiZ_Bn6BUoT7-G2s_MEzCc\",\"authenticated\":\"true\",\"csrfSecret\":\"imXNg84O_LJsyb2Hau3mvin2\",\"csrfToken\":\"flLpO1Cs-bGwrQNdKEj2iAgbL7kTctrPDg44\"}, Headers Auth: false","timestamp":"2026-04-27T07:46:25.762Z"}
{"level":"info","message":"GET /api/skills/stats - 200 - 5ms","timestamp":"2026-04-27T07:46:25.770Z"}
{"level":"info","message":"GET /api/skills/admin/all?page=1&limit=10&lang=ne - 200 - 23ms","timestamp":"2026-04-27T07:46:25.784Z"}
{"level":"info","message":"GET /api/skills/stats - 200 - 10ms","timestamp":"2026-04-27T07:46:25.790Z"}
{"level":"info","message":"GET /api/skills/stats - 200 - 4ms","timestamp":"2026-04-27T07:46:25.905Z"}
{"level":"debug","message":"Auth protect check - Cookies: {\"accessToken\":\"eyJhbGciOiJIUzI1NiIsInR5cCI6IkpXVCJ9.eyJpZCI6IjY5ZWYxMjllNDBhNWU2MWViNWMxMTU3ZSIsInJvbGUiOiJzdXBlcmFkbWluIiwidHlwZSI6ImFjY2VzcyIsImlhdCI6MTc3NzI3NTk1MSwiZXhwIjoxNzc3Mjc2ODUxfQ.IqUJC1Hc3tDU0PQmeYEkXYOX9KRGJUE017ZFSNQ-800\",\"refreshToken\":\"eyJhbGciOiJIUzI1NiIsInR5cCI6IkpXVCJ9.eyJpZCI6IjY5ZWYxMjllNDBhNWU2MWViNWMxMTU3ZSIsInR5cGUiOiJyZWZyZXNoIiwiaWF0IjoxNzc3Mjc1OTUxLCJleHAiOjE3Nzc4ODA3NTF9.neV5W8I422pm-4NBRKrUJZiZ_Bn6BUoT7-G2s_MEzCc\",\"authenticated\":\"true\",\"csrfSecret\":\"imXNg84O_LJsyb2Hau3mvin2\",\"csrfToken\":\"flLpO1Cs-bGwrQNdKEj2iAgbL7kTctrPDg44\"}, Headers Auth: false","timestamp":"2026-04-27T07:46:27.314Z"}
{"level":"info","message":"GET /api/admin/dashboard-stats - 200 - 135ms","timestamp":"2026-04-27T07:46:27.449Z"}
{"level":"debug","message":"Auth protect check - Cookies: {\"accessToken\":\"eyJhbGciOiJIUzI1NiIsInR5cCI6IkpXVCJ9.eyJpZCI6IjY5ZWYxMjllNDBhNWU2MWViNWMxMTU3ZSIsInJvbGUiOiJzdXBlcmFkbWluIiwidHlwZSI6ImFjY2VzcyIsImlhdCI6MTc3NzI3NTk1MSwiZXhwIjoxNzc3Mjc2ODUxfQ.IqUJC1Hc3tDU0PQmeYEkXYOX9KRGJUE017ZFSNQ-800\",\"refreshToken\":\"eyJhbGciOiJIUzI1NiIsInR5cCI6IkpXVCJ9.eyJpZCI6IjY5ZWYxMjllNDBhNWU2MWViNWMxMTU3ZSIsInR5cGUiOiJyZWZyZXNoIiwiaWF0IjoxNzc3Mjc1OTUxLCJleHAiOjE3Nzc4ODA3NTF9.neV5W8I422pm-4NBRKrUJZiZ_Bn6BUoT7-G2s_MEzCc\",\"authenticated\":\"true\",\"csrfSecret\":\"imXNg84O_LJsyb2Hau3mvin2\",\"csrfToken\":\"flLpO1Cs-bGwrQNdKEj2iAgbL7kTctrPDg44\"}, Headers Auth: false","timestamp":"2026-04-27T07:46:27.479Z"}
{"level":"info","message":"GET /api/admin/dashboard-stats - 200 - 54ms","timestamp":"2026-04-27T07:46:27.532Z"}
{"level":"debug","message":"Auth protect check - Cookies: {\"accessToken\":\"eyJhbGciOiJIUzI1NiIsInR5cCI6IkpXVCJ9.eyJpZCI6IjY5ZWYxMjllNDBhNWU2MWViNWMxMTU3ZSIsInJvbGUiOiJzdXBlcmFkbWluIiwidHlwZSI6ImFjY2VzcyIsImlhdCI6MTc3NzI3NTk1MSwiZXhwIjoxNzc3Mjc2ODUxfQ.IqUJC1Hc3tDU0PQmeYEkXYOX9KRGJUE017ZFSNQ-800\",\"refreshToken\":\"eyJhbGciOiJIUzI1NiIsInR5cCI6IkpXVCJ9.eyJpZCI6IjY5ZWYxMjllNDBhNWU2MWViNWMxMTU3ZSIsInR5cGUiOiJyZWZyZXNoIiwiaWF0IjoxNzc3Mjc1OTUxLCJleHAiOjE3Nzc4ODA3NTF9.neV5W8I422pm-4NBRKrUJZiZ_Bn6BUoT7-G2s_MEzCc\",\"authenticated\":\"true\",\"csrfSecret\":\"imXNg84O_LJsyb2Hau3mvin2\",\"csrfToken\":\"flLpO1Cs-bGwrQNdKEj2iAgbL7kTctrPDg44\"}, Headers Auth: false","timestamp":"2026-04-27T07:46:27.547Z"}
{"level":"info","message":"GET /api/admin/dashboard-stats - 200 - 66ms","timestamp":"2026-04-27T07:46:27.613Z"}
{"level":"debug","message":"Auth protect check - Cookies: {\"accessToken\":\"eyJhbGciOiJIUzI1NiIsInR5cCI6IkpXVCJ9.eyJpZCI6IjY5ZWYxMjllNDBhNWU2MWViNWMxMTU3ZSIsInJvbGUiOiJzdXBlcmFkbWluIiwidHlwZSI6ImFjY2VzcyIsImlhdCI6MTc3NzI3NTk1MSwiZXhwIjoxNzc3Mjc2ODUxfQ.IqUJC1Hc3tDU0PQmeYEkXYOX9KRGJUE017ZFSNQ-800\",\"refreshToken\":\"eyJhbGciOiJIUzI1NiIsInR5cCI6IkpXVCJ9.eyJpZCI6IjY5ZWYxMjllNDBhNWU2MWViNWMxMTU3ZSIsInR5cGUiOiJyZWZyZXNoIiwiaWF0IjoxNzc3Mjc1OTUxLCJleHAiOjE3Nzc4ODA3NTF9.neV5W8I422pm-4NBRKrUJZiZ_Bn6BUoT7-G2s_MEzCc\",\"authenticated\":\"true\",\"csrfSecret\":\"imXNg84O_LJsyb2Hau3mvin2\",\"csrfToken\":\"flLpO1Cs-bGwrQNdKEj2iAgbL7kTctrPDg44\"}, Headers Auth: false","timestamp":"2026-04-27T07:46:27.631Z"}
{"level":"info","message":"GET /api/admin/dashboard-stats - 200 - 84ms","timestamp":"2026-04-27T07:46:27.715Z"}
{"level":"debug","message":"Auth protect check - Cookies: {\"accessToken\":\"eyJhbGciOiJIUzI1NiIsInR5cCI6IkpXVCJ9.eyJpZCI6IjY5ZWYxMjllNDBhNWU2MWViNWMxMTU3ZSIsInJvbGUiOiJzdXBlcmFkbWluIiwidHlwZSI6ImFjY2VzcyIsImlhdCI6MTc3NzI3NTk1MSwiZXhwIjoxNzc3Mjc2ODUxfQ.IqUJC1Hc3tDU0PQmeYEkXYOX9KRGJUE017ZFSNQ-800\",\"refreshToken\":\"eyJhbGciOiJIUzI1NiIsInR5cCI6IkpXVCJ9.eyJpZCI6IjY5ZWYxMjllNDBhNWU2MWViNWMxMTU3ZSIsInR5cGUiOiJyZWZyZXNoIiwiaWF0IjoxNzc3Mjc1OTUxLCJleHAiOjE3Nzc4ODA3NTF9.neV5W8I422pm-4NBRKrUJZiZ_Bn6BUoT7-G2s_MEzCc\",\"authenticated\":\"true\",\"csrfSecret\":\"imXNg84O_LJsyb2Hau3mvin2\",\"csrfToken\":\"flLpO1Cs-bGwrQNdKEj2iAgbL7kTctrPDg44\"}, Headers Auth: false","timestamp":"2026-04-27T07:46:29.486Z"}
{"level":"info","message":"GET /api/poems/admin/all?page=1&limit=10 - 200 - 86ms","timestamp":"2026-04-27T07:46:29.572Z"}
{"level":"info","message":"GET /api/poems/stats?lang=np&admin=true - 200 - 203ms","timestamp":"2026-04-27T07:46:29.694Z"}
{"level":"debug","message":"Auth protect check - Cookies: {\"accessToken\":\"eyJhbGciOiJIUzI1NiIsInR5cCI6IkpXVCJ9.eyJpZCI6IjY5ZWYxMjllNDBhNWU2MWViNWMxMTU3ZSIsInJvbGUiOiJzdXBlcmFkbWluIiwidHlwZSI6ImFjY2VzcyIsImlhdCI6MTc3NzI3NTk1MSwiZXhwIjoxNzc3Mjc2ODUxfQ.IqUJC1Hc3tDU0PQmeYEkXYOX9KRGJUE017ZFSNQ-800\",\"refreshToken\":\"eyJhbGciOiJIUzI1NiIsInR5cCI6IkpXVCJ9.eyJpZCI6IjY5ZWYxMjllNDBhNWU2MWViNWMxMTU3ZSIsInR5cGUiOiJyZWZyZXNoIiwiaWF0IjoxNzc3Mjc1OTUxLCJleHAiOjE3Nzc4ODA3NTF9.neV5W8I422pm-4NBRKrUJZiZ_Bn6BUoT7-G2s_MEzCc\",\"authenticated\":\"true\",\"csrfSecret\":\"imXNg84O_LJsyb2Hau3mvin2\",\"csrfToken\":\"flLpO1Cs-bGwrQNdKEj2iAgbL7kTctrPDg44\"}, Headers Auth: false","timestamp":"2026-04-27T07:46:29.701Z"}
{"level":"info","message":"GET /api/poems/stats?lang=np&admin=true - 200 - 73ms","timestamp":"2026-04-27T07:46:29.808Z"}
{"level":"info","message":"GET /api/poems/admin/all?page=1&limit=10 - 200 - 125ms","timestamp":"2026-04-27T07:46:29.825Z"}
{"level":"info","message":"GET /api/poems/stats?lang=np&admin=true - 200 - 57ms","timestamp":"2026-04-27T07:46:29.902Z"}
{"level":"info","message":"GET /api/poems/stats?lang=np&admin=true - 200 - 11ms","timestamp":"2026-04-27T07:46:30.356Z"}
{"level":"info","message":"GET /api/auth/me - 200 - 125ms","timestamp":"2026-04-27T08:27:24.798Z"}
{"level":"info","message":"GET /api/auth/me - 200 - 24ms","timestamp":"2026-04-27T08:27:24.888Z"}
{"level":"info","message":"🧹 Cleanup complete: 2 tokens removed, 0 locks reset, 0 unverified users cleaned","timestamp":"2026-04-27T08:45:46.696Z"}
